23:53:17.688 [com.intuit.karate.cli.Main.main()] INFO  com.intuit.karate - Karate version: 1.0.1
23:57:57.325 [main] INFO  com.intuit.karate.Runner - using system property 'karate.env': demo
23:57:59.668 [pool-1-thread-3] INFO  com.intuit.karate - karate.env system property was: demo 
23:57:59.666 [pool-1-thread-4] INFO  com.intuit.karate - karate.env system property was: demo 
23:57:59.669 [pool-1-thread-2] INFO  com.intuit.karate - karate.env system property was: demo 
23:57:59.667 [pool-1-thread-5] INFO  com.intuit.karate - karate.env system property was: demo 
23:57:59.668 [pool-1-thread-1] INFO  com.intuit.karate - karate.env system property was: demo 
23:58:01.217 [pool-1-thread-5] INFO  com.intuit.karate - karate.env system property was: demo 
23:58:01.218 [pool-1-thread-1] INFO  com.intuit.karate - karate.env system property was: demo 
23:58:01.238 [pool-1-thread-4] INFO  com.intuit.karate - karate.env system property was: demo 
23:58:01.242 [pool-1-thread-3] INFO  com.intuit.karate - karate.env system property was: demo 
23:58:01.310 [pool-1-thread-2] INFO  com.intuit.karate - karate.env system property was: demo 
23:58:01.334 [pool-1-thread-5] INFO  com.intuit.karate - karate.env system property was: demo 
23:58:01.340 [pool-1-thread-4] INFO  com.intuit.karate - karate.env system property was: demo 
23:58:01.350 [pool-1-thread-1] INFO  com.intuit.karate - karate.env system property was: demo 
23:58:01.374 [pool-1-thread-2] INFO  com.intuit.karate - karate.env system property was: demo 
23:58:01.391 [pool-1-thread-4] INFO  com.intuit.karate - karate.env system property was: demo 
23:58:01.417 [pool-1-thread-2] INFO  com.intuit.karate - karate.env system property was: demo 
23:58:01.424 [pool-1-thread-5] INFO  com.intuit.karate - karate.env system property was: demo 
23:58:01.441 [pool-1-thread-3] INFO  com.intuit.karate - karate.env system property was: demo 
23:58:01.453 [pool-1-thread-4] INFO  com.intuit.karate - karate.env system property was: demo 
23:58:01.472 [pool-1-thread-2] INFO  com.intuit.karate - karate.env system property was: demo 
23:58:01.487 [pool-1-thread-5] INFO  com.intuit.karate - karate.env system property was: demo 
23:58:01.513 [pool-1-thread-1] INFO  com.intuit.karate - karate.env system property was: demo 
23:58:01.519 [pool-1-thread-5] INFO  com.intuit.karate - karate.env system property was: demo 
23:58:01.536 [pool-1-thread-3] INFO  com.intuit.karate - karate.env system property was: demo 
23:58:01.545 [pool-1-thread-4] INFO  com.intuit.karate - karate.env system property was: demo 
23:58:01.562 [pool-1-thread-4] INFO  com.intuit.karate - karate.env system property was: demo 
23:58:01.584 [pool-1-thread-1] INFO  com.intuit.karate - karate.env system property was: demo 
23:58:01.586 [pool-1-thread-5] INFO  com.intuit.karate - karate.env system property was: demo 
23:58:01.598 [pool-1-thread-3] INFO  com.intuit.karate - karate.env system property was: demo 
23:58:01.615 [pool-1-thread-4] INFO  com.intuit.karate - karate.env system property was: demo 
23:58:01.627 [pool-1-thread-3] INFO  com.intuit.karate - karate.env system property was: demo 
23:58:01.641 [pool-1-thread-4] INFO  com.intuit.karate - karate.env system property was: demo 
23:58:01.735 [pool-1-thread-2] INFO  com.intuit.karate - karate.env system property was: demo 
23:58:01.756 [pool-1-thread-1] INFO  com.intuit.karate - karate.env system property was: demo 
23:58:01.773 [pool-1-thread-5] INFO  com.intuit.karate - karate.env system property was: demo 
23:58:02.314 [pool-1-thread-3] INFO  com.intuit.karate - [print] idInstancia: d8c54ed6-c0f2-11eb-bfa3-6432a88054ea 
23:58:02.316 [pool-1-thread-3] INFO  com.intuit.karate - [print] numeroPedido: 343481900 
23:58:02.317 [pool-1-thread-1] INFO  com.intuit.karate - karate.env system property was: demo 
23:58:02.351 [pool-1-thread-2] INFO  com.intuit.karate - karate.env system property was: demo 
23:58:02.354 [pool-1-thread-5] INFO  com.intuit.karate - karate.env system property was: demo 
23:58:02.405 [pool-1-thread-4] INFO  com.intuit.karate - [print] idInstancia: d8ce2883-c0f2-11eb-bfa3-6432a88054ea 
23:58:02.407 [pool-1-thread-4] INFO  com.intuit.karate - [print] numeroPedido: 343481940 
23:58:02.554 [pool-1-thread-4] INFO  com.intuit.karate - karate.env system property was: demo 
23:58:02.576 [pool-1-thread-3] INFO  com.intuit.karate - karate.env system property was: demo 
23:58:02.720 [pool-1-thread-2] INFO  com.intuit.karate - karate.env system property was: demo 
23:58:02.838 [pool-1-thread-5] INFO  com.intuit.karate - karate.env system property was: demo 
23:58:02.873 [pool-1-thread-3] INFO  com.intuit.karate - karate.env system property was: demo 
23:58:02.951 [pool-1-thread-1] INFO  com.intuit.karate - karate.env system property was: demo 
23:58:02.980 [pool-1-thread-4] INFO  com.intuit.karate - karate.env system property was: demo 
23:58:03.129 [pool-1-thread-2] INFO  com.intuit.karate - karate.env system property was: demo 
23:58:03.477 [pool-1-thread-1] INFO  com.intuit.karate - karate.env system property was: demo 
23:58:03.616 [pool-1-thread-5] INFO  com.intuit.karate - karate.env system property was: demo 
23:58:03.739 [pool-1-thread-1] INFO  com.intuit.karate - karate.env system property was: demo 
23:58:03.757 [pool-1-thread-3] INFO  com.intuit.karate - karate.env system property was: demo 
23:58:05.049 [pool-2-thread-1] INFO  com.intuit.karate.Suite - <<pass>> feature 1 of 5 (4 remaining) classpath:brigadeiros/features/AvaliarPedidoValido.feature
23:58:05.465 [pool-2-thread-1] INFO  com.intuit.karate.Suite - <<pass>> feature 2 of 5 (3 remaining) classpath:brigadeiros/features/AvaliarValorPedido.feature
23:58:05.650 [pool-2-thread-1] INFO  com.intuit.karate.Suite - <<pass>> feature 3 of 5 (2 remaining) classpath:brigadeiros/features/FazerPedidoInvalido.feature
23:58:05.964 [pool-2-thread-1] INFO  com.intuit.karate.Suite - <<pass>> feature 4 of 5 (1 remaining) classpath:brigadeiros/features/FazerPedidoValido.feature
23:58:06.589 [pool-2-thread-1] INFO  com.intuit.karate.Suite - <<pass>> feature 5 of 5 (0 remaining) classpath:brigadeiros/features/NegociarPedido.feature
23:58:50.080 [main] INFO  com.intuit.karate.Runner - using system property 'karate.env': demo
23:58:51.107 [main] INFO  com.intuit.karate.Suite - backed up existing 'target\karate-reports' dir to: target\karate-reports_1622343531106
23:58:52.632 [pool-1-thread-4] INFO  com.intuit.karate - karate.env system property was: demo 
23:58:52.630 [pool-1-thread-5] INFO  com.intuit.karate - karate.env system property was: demo 
23:58:52.631 [pool-1-thread-2] INFO  com.intuit.karate - karate.env system property was: demo 
23:58:52.631 [pool-1-thread-1] INFO  com.intuit.karate - karate.env system property was: demo 
23:58:52.632 [pool-1-thread-3] INFO  com.intuit.karate - karate.env system property was: demo 
23:58:53.768 [pool-1-thread-3] INFO  com.intuit.karate - karate.env system property was: demo 
23:58:53.769 [pool-1-thread-5] INFO  com.intuit.karate - karate.env system property was: demo 
23:58:53.768 [pool-1-thread-1] INFO  com.intuit.karate - karate.env system property was: demo 
23:58:53.776 [pool-1-thread-4] INFO  com.intuit.karate - karate.env system property was: demo 
23:58:53.802 [pool-1-thread-1] INFO  com.intuit.karate - karate.env system property was: demo 
23:58:53.806 [pool-1-thread-2] INFO  com.intuit.karate - karate.env system property was: demo 
23:58:53.807 [pool-1-thread-3] INFO  com.intuit.karate - karate.env system property was: demo 
23:58:53.855 [pool-1-thread-3] INFO  com.intuit.karate - karate.env system property was: demo 
23:58:53.861 [pool-1-thread-5] INFO  com.intuit.karate - karate.env system property was: demo 
23:58:53.862 [pool-1-thread-4] INFO  com.intuit.karate - karate.env system property was: demo 
23:58:53.892 [pool-1-thread-4] INFO  com.intuit.karate - karate.env system property was: demo 
23:58:53.897 [pool-1-thread-5] INFO  com.intuit.karate - karate.env system property was: demo 
23:58:53.915 [pool-1-thread-3] INFO  com.intuit.karate - karate.env system property was: demo 
23:58:53.921 [pool-1-thread-2] INFO  com.intuit.karate - karate.env system property was: demo 
23:58:53.937 [pool-1-thread-1] INFO  com.intuit.karate - karate.env system property was: demo 
23:58:53.972 [pool-1-thread-5] INFO  com.intuit.karate - karate.env system property was: demo 
23:58:53.975 [pool-1-thread-4] INFO  com.intuit.karate - karate.env system property was: demo 
23:58:54.006 [pool-1-thread-3] INFO  com.intuit.karate - karate.env system property was: demo 
23:58:54.027 [pool-1-thread-1] INFO  com.intuit.karate - karate.env system property was: demo 
23:58:54.126 [pool-1-thread-3] INFO  com.intuit.karate - karate.env system property was: demo 
23:58:54.139 [pool-1-thread-4] INFO  com.intuit.karate - karate.env system property was: demo 
23:58:54.159 [pool-1-thread-2] INFO  com.intuit.karate - karate.env system property was: demo 
23:58:54.168 [pool-1-thread-1] INFO  com.intuit.karate - karate.env system property was: demo 
23:58:54.181 [pool-1-thread-5] INFO  com.intuit.karate - karate.env system property was: demo 
23:58:54.204 [pool-1-thread-3] INFO  com.intuit.karate - karate.env system property was: demo 
23:58:54.210 [pool-1-thread-1] INFO  com.intuit.karate - karate.env system property was: demo 
23:58:54.228 [pool-1-thread-5] INFO  com.intuit.karate - karate.env system property was: demo 
23:58:54.239 [pool-1-thread-3] INFO  com.intuit.karate - karate.env system property was: demo 
23:58:54.284 [pool-1-thread-2] INFO  com.intuit.karate - karate.env system property was: demo 
23:58:54.293 [pool-1-thread-4] INFO  com.intuit.karate - karate.env system property was: demo 
23:58:54.754 [pool-1-thread-3] INFO  com.intuit.karate - karate.env system property was: demo 
23:58:54.840 [pool-1-thread-2] INFO  com.intuit.karate - karate.env system property was: demo 
23:58:54.914 [pool-1-thread-5] INFO  com.intuit.karate - [print] idInstancia: f820cdf1-c0f2-11eb-bfa3-6432a88054ea 
23:58:54.920 [pool-1-thread-5] INFO  com.intuit.karate - [print] numeroPedido: 343534531 
23:58:55.528 [pool-1-thread-4] INFO  com.intuit.karate - karate.env system property was: demo 
23:58:55.538 [pool-1-thread-1] INFO  com.intuit.karate - [print] idInstancia: f81d9986-c0f2-11eb-bfa3-6432a88054ea 
23:58:55.539 [pool-1-thread-1] INFO  com.intuit.karate - [print] numeroPedido: 343534513 
23:58:55.658 [pool-1-thread-3] INFO  com.intuit.karate - karate.env system property was: demo 
23:58:55.695 [pool-1-thread-1] INFO  com.intuit.karate - karate.env system property was: demo 
23:58:55.767 [pool-1-thread-5] INFO  com.intuit.karate - karate.env system property was: demo 
23:58:55.820 [pool-1-thread-2] INFO  com.intuit.karate - karate.env system property was: demo 
23:58:56.270 [pool-1-thread-4] INFO  com.intuit.karate - karate.env system property was: demo 
23:58:56.282 [pool-1-thread-1] INFO  com.intuit.karate - karate.env system property was: demo 
23:58:56.306 [pool-1-thread-3] INFO  com.intuit.karate - karate.env system property was: demo 
23:58:56.485 [pool-1-thread-5] INFO  com.intuit.karate - karate.env system property was: demo 
23:58:56.530 [pool-1-thread-2] INFO  com.intuit.karate - karate.env system property was: demo 
23:58:57.016 [pool-1-thread-3] INFO  com.intuit.karate - karate.env system property was: demo 
23:58:57.142 [pool-1-thread-2] INFO  com.intuit.karate - karate.env system property was: demo 
23:58:57.318 [pool-1-thread-1] INFO  com.intuit.karate - karate.env system property was: demo 
23:58:58.001 [pool-2-thread-1] INFO  com.intuit.karate.Suite - <<pass>> feature 1 of 5 (4 remaining) classpath:brigadeiros/features/AvaliarPedidoValido.feature
23:58:58.499 [pool-2-thread-1] INFO  com.intuit.karate.Suite - <<pass>> feature 2 of 5 (3 remaining) classpath:brigadeiros/features/AvaliarValorPedido.feature
23:58:58.639 [pool-2-thread-1] INFO  com.intuit.karate.Suite - <<pass>> feature 3 of 5 (2 remaining) classpath:brigadeiros/features/FazerPedidoInvalido.feature
23:58:58.903 [pool-2-thread-1] INFO  com.intuit.karate.Suite - <<pass>> feature 4 of 5 (1 remaining) classpath:brigadeiros/features/FazerPedidoValido.feature
23:58:59.411 [pool-2-thread-1] INFO  com.intuit.karate.Suite - <<pass>> feature 5 of 5 (0 remaining) classpath:brigadeiros/features/NegociarPedido.feature
23:59:54.440 [main] INFO  com.intuit.karate.Runner - using system property 'karate.env': demo
23:59:55.449 [main] INFO  com.intuit.karate.Suite - backed up existing 'target\karate-reports' dir to: target\karate-reports_1622343595446
23:59:56.802 [pool-1-thread-3] INFO  com.intuit.karate - karate.env system property was: demo 
23:59:56.802 [pool-1-thread-1] INFO  com.intuit.karate - karate.env system property was: demo 
23:59:56.803 [pool-1-thread-4] INFO  com.intuit.karate - karate.env system property was: demo 
23:59:56.802 [pool-1-thread-2] INFO  com.intuit.karate - karate.env system property was: demo 
23:59:56.802 [pool-1-thread-5] INFO  com.intuit.karate - karate.env system property was: demo 
23:59:58.041 [pool-1-thread-2] INFO  com.intuit.karate - karate.env system property was: demo 
23:59:58.042 [pool-1-thread-4] INFO  com.intuit.karate - karate.env system property was: demo 
23:59:58.055 [pool-1-thread-5] INFO  com.intuit.karate - karate.env system property was: demo 
23:59:58.063 [pool-1-thread-1] INFO  com.intuit.karate - karate.env system property was: demo 
23:59:58.086 [pool-1-thread-2] INFO  com.intuit.karate - karate.env system property was: demo 
23:59:58.109 [pool-1-thread-4] INFO  com.intuit.karate - karate.env system property was: demo 
23:59:58.119 [pool-1-thread-3] INFO  com.intuit.karate - karate.env system property was: demo 
23:59:58.137 [pool-1-thread-2] INFO  com.intuit.karate - karate.env system property was: demo 
23:59:58.140 [pool-1-thread-1] INFO  com.intuit.karate - karate.env system property was: demo 
23:59:58.155 [pool-1-thread-4] INFO  com.intuit.karate - karate.env system property was: demo 
23:59:58.162 [pool-1-thread-5] INFO  com.intuit.karate - karate.env system property was: demo 
23:59:58.177 [pool-1-thread-1] INFO  com.intuit.karate - karate.env system property was: demo 
23:59:58.204 [pool-1-thread-4] INFO  com.intuit.karate - karate.env system property was: demo 
23:59:58.224 [pool-1-thread-3] INFO  com.intuit.karate - karate.env system property was: demo 
23:59:58.241 [pool-1-thread-4] INFO  com.intuit.karate - karate.env system property was: demo 
23:59:58.265 [pool-1-thread-4] INFO  com.intuit.karate - karate.env system property was: demo 
23:59:58.268 [pool-1-thread-3] INFO  com.intuit.karate - karate.env system property was: demo 
23:59:58.288 [pool-1-thread-5] INFO  com.intuit.karate - karate.env system property was: demo 
23:59:58.301 [pool-1-thread-3] INFO  com.intuit.karate - karate.env system property was: demo 
23:59:58.311 [pool-1-thread-5] INFO  com.intuit.karate - karate.env system property was: demo 
23:59:58.323 [pool-1-thread-3] INFO  com.intuit.karate - karate.env system property was: demo 
23:59:58.340 [pool-1-thread-2] INFO  com.intuit.karate - karate.env system property was: demo 
23:59:58.339 [pool-1-thread-4] INFO  com.intuit.karate - karate.env system property was: demo 
23:59:58.357 [pool-1-thread-3] INFO  com.intuit.karate - karate.env system property was: demo 
23:59:58.371 [pool-1-thread-2] INFO  com.intuit.karate - karate.env system property was: demo 
23:59:58.383 [pool-1-thread-4] INFO  com.intuit.karate - karate.env system property was: demo 
23:59:58.395 [pool-1-thread-2] INFO  com.intuit.karate - karate.env system property was: demo 
23:59:58.403 [pool-1-thread-5] INFO  com.intuit.karate - karate.env system property was: demo 
23:59:58.426 [pool-1-thread-1] INFO  com.intuit.karate - karate.env system property was: demo 
23:59:58.456 [pool-1-thread-3] INFO  com.intuit.karate - karate.env system property was: demo 
23:59:59.046 [pool-1-thread-2] INFO  com.intuit.karate - [print] idInstancia: 1e65b5cd-c0f3-11eb-bfa3-6432a88054ea 
23:59:59.049 [pool-1-thread-2] INFO  com.intuit.karate - [print] numeroPedido: 343598653 
23:59:59.484 [pool-1-thread-3] INFO  com.intuit.karate - karate.env system property was: demo 
23:59:59.537 [pool-1-thread-1] INFO  com.intuit.karate - karate.env system property was: demo 
23:59:59.557 [pool-1-thread-4] INFO  com.intuit.karate - [print] idInstancia: 1e68c33a-c0f3-11eb-bfa3-6432a88054ea 
23:59:59.558 [pool-1-thread-4] INFO  com.intuit.karate - [print] numeroPedido: 343598634 
23:59:59.704 [pool-1-thread-5] INFO  com.intuit.karate - karate.env system property was: demo 
23:59:59.741 [pool-1-thread-4] INFO  com.intuit.karate - karate.env system property was: demo 
23:59:59.756 [pool-1-thread-2] INFO  com.intuit.karate - karate.env system property was: demo 
00:00:00.250 [pool-1-thread-5] INFO  com.intuit.karate - karate.env system property was: demo 
00:00:00.377 [pool-1-thread-4] INFO  com.intuit.karate - karate.env system property was: demo 
00:00:00.441 [pool-1-thread-2] INFO  com.intuit.karate - karate.env system property was: demo 
00:00:00.460 [pool-1-thread-3] INFO  com.intuit.karate - karate.env system property was: demo 
00:00:00.710 [pool-1-thread-1] INFO  com.intuit.karate - karate.env system property was: demo 
00:00:00.914 [pool-1-thread-1] INFO  com.intuit.karate - karate.env system property was: demo 
00:00:00.980 [pool-1-thread-2] INFO  com.intuit.karate - karate.env system property was: demo 
00:00:01.060 [pool-1-thread-4] INFO  com.intuit.karate - karate.env system property was: demo 
00:00:01.079 [pool-1-thread-5] INFO  com.intuit.karate - karate.env system property was: demo 
00:00:01.288 [pool-1-thread-3] INFO  com.intuit.karate - karate.env system property was: demo 
00:00:02.030 [pool-2-thread-1] INFO  com.intuit.karate.Suite - <<pass>> feature 1 of 5 (4 remaining) classpath:brigadeiros/features/AvaliarPedidoValido.feature
00:00:02.568 [pool-2-thread-1] INFO  com.intuit.karate.Suite - <<pass>> feature 2 of 5 (3 remaining) classpath:brigadeiros/features/AvaliarValorPedido.feature
00:00:02.744 [pool-2-thread-1] INFO  com.intuit.karate.Suite - <<pass>> feature 3 of 5 (2 remaining) classpath:brigadeiros/features/FazerPedidoInvalido.feature
00:00:02.997 [pool-2-thread-1] INFO  com.intuit.karate.Suite - <<pass>> feature 4 of 5 (1 remaining) classpath:brigadeiros/features/FazerPedidoValido.feature
00:00:03.715 [pool-2-thread-1] INFO  com.intuit.karate.Suite - <<pass>> feature 5 of 5 (0 remaining) classpath:brigadeiros/features/NegociarPedido.feature
00:01:28.824 [main] INFO  com.intuit.karate.Runner - using system property 'karate.env': demo
00:01:30.085 [main] INFO  com.intuit.karate.Suite - backed up existing 'target\karate-reports' dir to: target\karate-reports_1622343689927
00:01:31.403 [main] INFO  com.intuit.karate - karate.env system property was: demo 
00:01:32.578 [main] INFO  com.intuit.karate - karate.env system property was: demo 
00:01:32.625 [main] INFO  com.intuit.karate - karate.env system property was: demo 
00:01:32.669 [main] INFO  com.intuit.karate - karate.env system property was: demo 
00:01:32.702 [main] INFO  com.intuit.karate - karate.env system property was: demo 
00:01:32.732 [main] INFO  com.intuit.karate - karate.env system property was: demo 
00:01:32.767 [main] INFO  com.intuit.karate - karate.env system property was: demo 
00:01:32.814 [main] INFO  com.intuit.karate - karate.env system property was: demo 
00:01:32.868 [main] INFO  com.intuit.karate - karate.env system property was: demo 
00:01:32.890 [main] INFO  com.intuit.karate - karate.env system property was: demo 
00:01:32.911 [main] INFO  com.intuit.karate - karate.env system property was: demo 
00:01:32.930 [main] INFO  com.intuit.karate - karate.env system property was: demo 
00:01:32.949 [main] INFO  com.intuit.karate - karate.env system property was: demo 
00:01:32.969 [main] INFO  com.intuit.karate - karate.env system property was: demo 
00:01:32.990 [main] INFO  com.intuit.karate - karate.env system property was: demo 
00:01:33.007 [main] INFO  com.intuit.karate - karate.env system property was: demo 
00:01:33.030 [main] INFO  com.intuit.karate - karate.env system property was: demo 
00:01:33.085 [main] INFO  com.intuit.karate - karate.env system property was: demo 
00:01:34.689 [main] INFO  com.intuit.karate.Suite - <<pass>> feature 1 of 5 (0 remaining) classpath:brigadeiros/features/AvaliarPedidoValido.feature
00:01:34.726 [main] INFO  com.intuit.karate - karate.env system property was: demo 
00:01:34.757 [main] INFO  com.intuit.karate - karate.env system property was: demo 
00:01:34.782 [main] INFO  com.intuit.karate - karate.env system property was: demo 
00:01:34.799 [main] INFO  com.intuit.karate - karate.env system property was: demo 
00:01:34.817 [main] INFO  com.intuit.karate - karate.env system property was: demo 
00:01:34.836 [main] INFO  com.intuit.karate - karate.env system property was: demo 
00:01:34.854 [main] INFO  com.intuit.karate - karate.env system property was: demo 
00:01:34.869 [main] INFO  com.intuit.karate - karate.env system property was: demo 
00:01:34.884 [main] INFO  com.intuit.karate - karate.env system property was: demo 
00:01:34.902 [main] INFO  com.intuit.karate - karate.env system property was: demo 
00:01:34.918 [main] INFO  com.intuit.karate - karate.env system property was: demo 
00:01:34.936 [main] INFO  com.intuit.karate - karate.env system property was: demo 
00:01:35.383 [main] INFO  com.intuit.karate.Suite - <<pass>> feature 2 of 5 (0 remaining) classpath:brigadeiros/features/AvaliarValorPedido.feature
00:01:35.388 [main] INFO  com.intuit.karate - karate.env system property was: demo 
00:01:35.833 [main] INFO  com.intuit.karate - [print] idInstancia: 582e57be-c0f3-11eb-bfa3-6432a88054ea 
00:01:35.834 [main] INFO  com.intuit.karate - [print] numeroPedido: 343695418 
00:01:36.269 [main] INFO  com.intuit.karate.Suite - <<pass>> feature 3 of 5 (0 remaining) classpath:brigadeiros/features/FazerPedidoInvalido.feature
00:01:36.276 [main] INFO  com.intuit.karate - karate.env system property was: demo 
00:01:36.457 [main] INFO  com.intuit.karate - [print] idInstancia: 58b8e4d6-c0f3-11eb-bfa3-6432a88054ea 
00:01:36.458 [main] INFO  com.intuit.karate - [print] numeroPedido: 343696326 
00:01:36.837 [main] INFO  com.intuit.karate.Suite - <<pass>> feature 4 of 5 (0 remaining) classpath:brigadeiros/features/FazerPedidoValido.feature
00:01:36.858 [main] INFO  com.intuit.karate - karate.env system property was: demo 
00:01:37.301 [main] INFO  com.intuit.karate - karate.env system property was: demo 
00:01:37.386 [main] INFO  com.intuit.karate - karate.env system property was: demo 
00:01:37.471 [main] INFO  com.intuit.karate - karate.env system property was: demo 
00:01:37.528 [main] INFO  com.intuit.karate - karate.env system property was: demo 
00:01:37.805 [main] INFO  com.intuit.karate - karate.env system property was: demo 
00:01:37.881 [main] INFO  com.intuit.karate - karate.env system property was: demo 
00:01:37.976 [main] INFO  com.intuit.karate - karate.env system property was: demo 
00:01:38.071 [main] INFO  com.intuit.karate - karate.env system property was: demo 
00:01:38.201 [main] INFO  com.intuit.karate - karate.env system property was: demo 
00:01:38.329 [main] INFO  com.intuit.karate - karate.env system property was: demo 
00:01:38.419 [main] INFO  com.intuit.karate - karate.env system property was: demo 
00:01:38.513 [main] INFO  com.intuit.karate - karate.env system property was: demo 
00:01:38.626 [main] INFO  com.intuit.karate - karate.env system property was: demo 
00:01:38.851 [main] INFO  com.intuit.karate - karate.env system property was: demo 
00:01:39.047 [main] INFO  com.intuit.karate - karate.env system property was: demo 
00:01:39.156 [main] INFO  com.intuit.karate - karate.env system property was: demo 
00:01:39.281 [main] INFO  com.intuit.karate - karate.env system property was: demo 
00:01:39.664 [main] INFO  com.intuit.karate.Suite - <<pass>> feature 5 of 5 (0 remaining) classpath:brigadeiros/features/NegociarPedido.feature
00:13:53.663 [main] INFO  com.intuit.karate.Runner - using system property 'karate.env': demo
00:13:54.716 [main] INFO  com.intuit.karate.Suite - backed up existing 'target\karate-reports' dir to: target\karate-reports_1622344434715
00:13:56.156 [pool-1-thread-5] INFO  com.intuit.karate - karate.env system property was: demo 
00:13:56.157 [pool-1-thread-2] INFO  com.intuit.karate - karate.env system property was: demo 
00:13:56.156 [pool-1-thread-1] INFO  com.intuit.karate - karate.env system property was: demo 
00:13:56.156 [pool-1-thread-3] INFO  com.intuit.karate - karate.env system property was: demo 
00:13:56.157 [pool-1-thread-4] INFO  com.intuit.karate - karate.env system property was: demo 
00:13:57.636 [pool-1-thread-3] INFO  com.intuit.karate - karate.env system property was: demo 
00:13:57.638 [pool-1-thread-5] INFO  com.intuit.karate - karate.env system property was: demo 
00:13:57.643 [pool-1-thread-4] INFO  com.intuit.karate - karate.env system property was: demo 
00:13:57.646 [pool-1-thread-2] INFO  com.intuit.karate - karate.env system property was: demo 
00:13:57.673 [pool-1-thread-1] INFO  com.intuit.karate - karate.env system property was: demo 
00:13:57.694 [pool-1-thread-2] INFO  com.intuit.karate - karate.env system property was: demo 
00:13:57.696 [pool-1-thread-4] INFO  com.intuit.karate - karate.env system property was: demo 
00:13:57.726 [pool-1-thread-2] INFO  com.intuit.karate - karate.env system property was: demo 
00:13:57.733 [pool-1-thread-5] INFO  com.intuit.karate - karate.env system property was: demo 
00:13:57.742 [pool-1-thread-4] INFO  com.intuit.karate - karate.env system property was: demo 
00:13:57.767 [pool-1-thread-5] INFO  com.intuit.karate - karate.env system property was: demo 
00:13:57.791 [pool-1-thread-4] INFO  com.intuit.karate - karate.env system property was: demo 
00:13:57.819 [pool-1-thread-5] INFO  com.intuit.karate - karate.env system property was: demo 
00:13:57.838 [pool-1-thread-1] INFO  com.intuit.karate - karate.env system property was: demo 
00:13:57.859 [pool-1-thread-5] INFO  com.intuit.karate - karate.env system property was: demo 
00:13:57.867 [pool-1-thread-2] INFO  com.intuit.karate - karate.env system property was: demo 
00:13:57.885 [pool-1-thread-1] INFO  com.intuit.karate - karate.env system property was: demo 
00:13:57.902 [pool-1-thread-2] INFO  com.intuit.karate - karate.env system property was: demo 
00:13:57.924 [pool-1-thread-1] INFO  com.intuit.karate - karate.env system property was: demo 
00:13:57.940 [pool-1-thread-2] INFO  com.intuit.karate - karate.env system property was: demo 
00:13:57.963 [pool-1-thread-2] INFO  com.intuit.karate - karate.env system property was: demo 
00:13:57.983 [pool-1-thread-5] INFO  com.intuit.karate - karate.env system property was: demo 
00:13:57.984 [pool-1-thread-2] INFO  com.intuit.karate - karate.env system property was: demo 
00:13:58.002 [pool-1-thread-5] INFO  com.intuit.karate - karate.env system property was: demo 
00:13:58.010 [pool-1-thread-2] INFO  com.intuit.karate - karate.env system property was: demo 
00:13:58.023 [pool-1-thread-5] INFO  com.intuit.karate - karate.env system property was: demo 
00:13:58.027 [pool-1-thread-2] INFO  com.intuit.karate - karate.env system property was: demo 
00:13:58.065 [pool-1-thread-3] INFO  com.intuit.karate - karate.env system property was: demo 
00:13:58.092 [pool-1-thread-4] INFO  com.intuit.karate - karate.env system property was: demo 
00:13:58.097 [pool-1-thread-1] INFO  com.intuit.karate - karate.env system property was: demo 
00:13:58.612 [pool-1-thread-3] INFO  com.intuit.karate - karate.env system property was: demo 
00:13:58.664 [pool-1-thread-4] INFO  com.intuit.karate - karate.env system property was: demo 
00:13:58.676 [pool-1-thread-5] INFO  com.intuit.karate - [print] idInstancia: 12d45dac-c0f5-11eb-bfa3-6432a88054ea 
00:13:58.677 [pool-1-thread-5] INFO  com.intuit.karate - [print] numeroPedido: 344438309 
00:13:58.682 [pool-1-thread-1] INFO  com.intuit.karate - karate.env system property was: demo 
00:13:58.750 [pool-1-thread-5] INFO  com.intuit.karate - karate.env system property was: demo 
00:13:58.785 [pool-1-thread-2] INFO  com.intuit.karate - [print] idInstancia: 12d484cb-c0f5-11eb-bfa3-6432a88054ea 
00:13:58.786 [pool-1-thread-2] INFO  com.intuit.karate - [print] numeroPedido: 344438512 
00:13:58.914 [pool-1-thread-2] INFO  com.intuit.karate - karate.env system property was: demo 
00:13:59.068 [pool-1-thread-4] INFO  com.intuit.karate - karate.env system property was: demo 
00:13:59.100 [pool-1-thread-1] INFO  com.intuit.karate - karate.env system property was: demo 
00:13:59.125 [pool-1-thread-5] INFO  com.intuit.karate - karate.env system property was: demo 
00:13:59.163 [pool-1-thread-3] INFO  com.intuit.karate - karate.env system property was: demo 
00:13:59.370 [pool-1-thread-2] INFO  com.intuit.karate - karate.env system property was: demo 
00:13:59.801 [pool-1-thread-5] INFO  com.intuit.karate - karate.env system property was: demo 
00:13:59.812 [pool-1-thread-4] INFO  com.intuit.karate - karate.env system property was: demo 
00:13:59.927 [pool-1-thread-3] INFO  com.intuit.karate - karate.env system property was: demo 
00:13:59.939 [pool-1-thread-2] INFO  com.intuit.karate - karate.env system property was: demo 
00:14:00.080 [pool-1-thread-1] INFO  com.intuit.karate - karate.env system property was: demo 
00:14:01.559 [pool-2-thread-1] INFO  com.intuit.karate.Suite - <<pass>> feature 1 of 5 (4 remaining) classpath:brigadeiros/features/AvaliarPedidoValido.feature
00:14:02.047 [pool-2-thread-1] INFO  com.intuit.karate.Suite - <<pass>> feature 2 of 5 (3 remaining) classpath:brigadeiros/features/AvaliarValorPedido.feature
00:14:02.250 [pool-2-thread-1] INFO  com.intuit.karate.Suite - <<pass>> feature 3 of 5 (2 remaining) classpath:brigadeiros/features/FazerPedidoInvalido.feature
00:14:02.506 [pool-2-thread-1] INFO  com.intuit.karate.Suite - <<pass>> feature 4 of 5 (1 remaining) classpath:brigadeiros/features/FazerPedidoValido.feature
00:14:03.138 [pool-2-thread-1] INFO  com.intuit.karate.Suite - <<pass>> feature 5 of 5 (0 remaining) classpath:brigadeiros/features/NegociarPedido.feature
00:15:43.617 [main] INFO  com.intuit.karate.Runner - using system property 'karate.env': demo
00:15:44.601 [main] INFO  com.intuit.karate.Suite - backed up existing 'target\karate-reports' dir to: target\karate-reports_1622344544600
00:15:46.036 [pool-1-thread-1] INFO  com.intuit.karate - karate.env system property was: demo 
00:15:46.038 [pool-1-thread-5] INFO  com.intuit.karate - karate.env system property was: demo 
00:15:46.037 [pool-1-thread-4] INFO  com.intuit.karate - karate.env system property was: demo 
00:15:46.036 [pool-1-thread-2] INFO  com.intuit.karate - karate.env system property was: demo 
00:15:46.037 [pool-1-thread-3] INFO  com.intuit.karate - karate.env system property was: demo 
00:15:47.258 [pool-1-thread-4] INFO  com.intuit.karate - karate.env system property was: demo 
00:15:47.262 [pool-1-thread-3] INFO  com.intuit.karate - karate.env system property was: demo 
00:15:47.266 [pool-1-thread-1] INFO  com.intuit.karate - karate.env system property was: demo 
00:15:47.273 [pool-1-thread-5] INFO  com.intuit.karate - karate.env system property was: demo 
00:15:47.300 [pool-1-thread-1] INFO  com.intuit.karate - karate.env system property was: demo 
00:15:47.322 [pool-1-thread-5] INFO  com.intuit.karate - karate.env system property was: demo 
00:15:47.350 [pool-1-thread-3] INFO  com.intuit.karate - karate.env system property was: demo 
00:15:47.361 [pool-1-thread-4] INFO  com.intuit.karate - karate.env system property was: demo 
00:15:47.372 [pool-1-thread-3] INFO  com.intuit.karate - karate.env system property was: demo 
00:15:47.379 [pool-1-thread-4] INFO  com.intuit.karate - karate.env system property was: demo 
00:15:47.391 [pool-1-thread-2] INFO  com.intuit.karate - karate.env system property was: demo 
00:15:47.413 [pool-1-thread-2] INFO  com.intuit.karate - karate.env system property was: demo 
00:15:47.416 [pool-1-thread-3] INFO  com.intuit.karate - karate.env system property was: demo 
00:15:47.419 [pool-1-thread-4] INFO  com.intuit.karate - karate.env system property was: demo 
00:15:47.428 [pool-1-thread-5] INFO  com.intuit.karate - karate.env system property was: demo 
00:15:47.455 [pool-1-thread-4] INFO  com.intuit.karate - karate.env system property was: demo 
00:15:47.462 [pool-1-thread-5] INFO  com.intuit.karate - karate.env system property was: demo 
00:15:47.474 [pool-1-thread-4] INFO  com.intuit.karate - karate.env system property was: demo 
00:15:47.485 [pool-1-thread-1] INFO  com.intuit.karate - karate.env system property was: demo 
00:15:47.493 [pool-1-thread-3] INFO  com.intuit.karate - karate.env system property was: demo 
00:15:47.504 [pool-1-thread-5] INFO  com.intuit.karate - karate.env system property was: demo 
00:15:47.506 [pool-1-thread-1] INFO  com.intuit.karate - karate.env system property was: demo 
00:15:47.512 [pool-1-thread-3] INFO  com.intuit.karate - karate.env system property was: demo 
00:15:47.533 [pool-1-thread-5] INFO  com.intuit.karate - karate.env system property was: demo 
00:15:47.538 [pool-1-thread-4] INFO  com.intuit.karate - karate.env system property was: demo 
00:15:47.561 [pool-1-thread-2] INFO  com.intuit.karate - karate.env system property was: demo 
00:15:47.580 [pool-1-thread-3] INFO  com.intuit.karate - karate.env system property was: demo 
00:15:47.581 [pool-1-thread-1] INFO  com.intuit.karate - karate.env system property was: demo 
00:15:47.599 [pool-1-thread-4] INFO  com.intuit.karate - karate.env system property was: demo 
00:15:47.622 [pool-1-thread-2] INFO  com.intuit.karate - karate.env system property was: demo 
00:15:48.175 [pool-1-thread-2] INFO  com.intuit.karate - karate.env system property was: demo 
00:15:48.228 [pool-1-thread-5] INFO  com.intuit.karate - [print] idInstancia: 541e62b2-c0f5-11eb-bfa3-6432a88054ea 
00:15:48.231 [pool-1-thread-5] INFO  com.intuit.karate - [print] numeroPedido: 344547870 
00:15:48.296 [pool-1-thread-4] INFO  com.intuit.karate - karate.env system property was: demo 
00:15:48.620 [pool-1-thread-3] INFO  com.intuit.karate - karate.env system property was: demo 
00:15:48.670 [pool-1-thread-1] INFO  com.intuit.karate - [print] idInstancia: 5426a048-c0f5-11eb-bfa3-6432a88054ea 
00:15:48.672 [pool-1-thread-1] INFO  com.intuit.karate - [print] numeroPedido: 344547962 
00:15:48.684 [pool-1-thread-5] INFO  com.intuit.karate - karate.env system property was: demo 
00:15:48.732 [pool-1-thread-1] INFO  com.intuit.karate - karate.env system property was: demo 
00:15:48.904 [pool-1-thread-4] INFO  com.intuit.karate - karate.env system property was: demo 
00:15:49.019 [pool-1-thread-1] INFO  com.intuit.karate - karate.env system property was: demo 
00:15:49.109 [pool-1-thread-5] INFO  com.intuit.karate - karate.env system property was: demo 
00:15:49.120 [pool-1-thread-3] INFO  com.intuit.karate - karate.env system property was: demo 
00:15:49.261 [pool-1-thread-2] INFO  com.intuit.karate - karate.env system property was: demo 
00:15:49.293 [pool-1-thread-5] INFO  com.intuit.karate - karate.env system property was: demo 
00:15:49.310 [pool-1-thread-3] INFO  com.intuit.karate - karate.env system property was: demo 
00:15:49.392 [pool-1-thread-4] INFO  com.intuit.karate - karate.env system property was: demo 
00:15:49.628 [pool-1-thread-3] INFO  com.intuit.karate - karate.env system property was: demo 
00:15:49.650 [pool-1-thread-2] INFO  com.intuit.karate - karate.env system property was: demo 
00:15:51.024 [pool-2-thread-1] INFO  com.intuit.karate.Suite - <<pass>> feature 1 of 5 (4 remaining) classpath:brigadeiros/features/AvaliarPedidoValido.feature
00:15:51.604 [pool-2-thread-1] INFO  com.intuit.karate.Suite - <<pass>> feature 2 of 5 (3 remaining) classpath:brigadeiros/features/AvaliarValorPedido.feature
00:15:51.785 [pool-2-thread-1] INFO  com.intuit.karate.Suite - <<pass>> feature 3 of 5 (2 remaining) classpath:brigadeiros/features/FazerPedidoInvalido.feature
00:15:52.044 [pool-2-thread-1] INFO  com.intuit.karate.Suite - <<pass>> feature 4 of 5 (1 remaining) classpath:brigadeiros/features/FazerPedidoValido.feature
00:15:52.717 [pool-2-thread-1] INFO  com.intuit.karate.Suite - <<pass>> feature 5 of 5 (0 remaining) classpath:brigadeiros/features/NegociarPedido.feature
01:11:59.303 [main] INFO  com.intuit.karate.Suite - backed up existing 'target\karate-reports' dir to: target\karate-reports_1622347919303
01:12:00.838 [pool-1-thread-3] INFO  com.intuit.karate - karate.env system property was: null 
01:12:00.845 [pool-1-thread-2] INFO  com.intuit.karate - karate.env system property was: null 
01:12:00.841 [pool-1-thread-4] INFO  com.intuit.karate - karate.env system property was: null 
01:12:00.845 [pool-1-thread-1] INFO  com.intuit.karate - karate.env system property was: null 
01:12:00.845 [pool-1-thread-5] INFO  com.intuit.karate - karate.env system property was: null 
01:12:02.397 [pool-1-thread-5] INFO  com.intuit.karate - karate.env system property was: null 
01:12:02.397 [pool-1-thread-4] INFO  com.intuit.karate - karate.env system property was: null 
01:12:02.412 [pool-1-thread-1] INFO  com.intuit.karate - karate.env system property was: null 
01:12:02.412 [pool-1-thread-3] INFO  com.intuit.karate - karate.env system property was: null 
01:12:02.412 [pool-1-thread-2] INFO  com.intuit.karate - karate.env system property was: null 
01:12:02.443 [pool-1-thread-4] INFO  com.intuit.karate - karate.env system property was: null 
01:12:02.465 [pool-1-thread-2] INFO  com.intuit.karate - karate.env system property was: null 
01:12:02.477 [pool-1-thread-1] INFO  com.intuit.karate - karate.env system property was: null 
01:12:02.512 [pool-1-thread-5] INFO  com.intuit.karate - karate.env system property was: null 
01:12:02.514 [pool-1-thread-2] INFO  com.intuit.karate - karate.env system property was: null 
01:12:02.519 [pool-1-thread-3] INFO  com.intuit.karate - karate.env system property was: null 
01:12:02.521 [pool-1-thread-1] INFO  com.intuit.karate - karate.env system property was: null 
01:12:02.527 [pool-1-thread-4] INFO  com.intuit.karate - karate.env system property was: null 
01:12:02.557 [pool-1-thread-5] INFO  com.intuit.karate - karate.env system property was: null 
01:12:02.579 [pool-1-thread-4] INFO  com.intuit.karate - karate.env system property was: null 
01:12:02.598 [pool-1-thread-3] INFO  com.intuit.karate - karate.env system property was: null 
01:12:02.614 [pool-1-thread-1] INFO  com.intuit.karate - karate.env system property was: null 
01:12:02.633 [pool-1-thread-5] INFO  com.intuit.karate - karate.env system property was: null 
01:12:02.648 [pool-1-thread-2] INFO  com.intuit.karate - karate.env system property was: null 
01:12:02.669 [pool-1-thread-4] INFO  com.intuit.karate - karate.env system property was: null 
01:12:02.699 [pool-1-thread-5] INFO  com.intuit.karate - karate.env system property was: null 
01:12:02.725 [pool-1-thread-5] INFO  com.intuit.karate - karate.env system property was: null 
01:12:02.728 [pool-1-thread-3] INFO  com.intuit.karate - karate.env system property was: null 
01:12:02.744 [pool-1-thread-2] INFO  com.intuit.karate - karate.env system property was: null 
01:12:02.747 [pool-1-thread-5] INFO  com.intuit.karate - karate.env system property was: null 
01:12:02.763 [pool-1-thread-2] INFO  com.intuit.karate - karate.env system property was: null 
01:12:02.763 [pool-1-thread-3] INFO  com.intuit.karate - karate.env system property was: null 
01:12:02.886 [pool-1-thread-4] INFO  com.intuit.karate - karate.env system property was: null 
01:12:02.966 [pool-1-thread-1] INFO  com.intuit.karate - karate.env system property was: null 
01:12:03.011 [pool-1-thread-5] INFO  com.intuit.karate - karate.env system property was: null 
01:12:03.875 [pool-1-thread-2] INFO  com.intuit.karate - [print] idInstancia: 301540d4-c0fd-11eb-bfa3-6432a88054ea 
01:12:03.876 [pool-1-thread-2] INFO  com.intuit.karate - [print] numeroPedido: 347923354 
01:12:03.937 [pool-1-thread-5] INFO  com.intuit.karate - karate.env system property was: null 
01:12:04.062 [pool-1-thread-4] INFO  com.intuit.karate - karate.env system property was: null 
01:12:04.062 [pool-1-thread-2] INFO  com.intuit.karate - karate.env system property was: null 
01:12:04.112 [pool-1-thread-3] INFO  com.intuit.karate - [print] idInstancia: 300d9f96-c0fd-11eb-bfa3-6432a88054ea 
01:12:04.113 [pool-1-thread-3] INFO  com.intuit.karate - [print] numeroPedido: 347923362 
01:12:04.192 [pool-1-thread-1] INFO  com.intuit.karate - karate.env system property was: null 
01:12:04.352 [pool-1-thread-3] INFO  com.intuit.karate - karate.env system property was: null 
01:12:04.513 [pool-1-thread-5] INFO  com.intuit.karate - karate.env system property was: null 
01:12:04.555 [pool-1-thread-4] INFO  com.intuit.karate - karate.env system property was: null 
01:12:04.580 [pool-1-thread-2] INFO  com.intuit.karate - karate.env system property was: null 
01:12:04.731 [pool-1-thread-1] INFO  com.intuit.karate - karate.env system property was: null 
01:12:04.783 [pool-1-thread-3] INFO  com.intuit.karate - karate.env system property was: null 
01:12:04.856 [pool-1-thread-2] INFO  com.intuit.karate - karate.env system property was: null 
01:12:04.953 [pool-1-thread-4] INFO  com.intuit.karate - karate.env system property was: null 
01:12:04.969 [pool-1-thread-5] INFO  com.intuit.karate - karate.env system property was: null 
01:12:05.044 [pool-1-thread-3] INFO  com.intuit.karate - karate.env system property was: null 
01:12:05.135 [pool-1-thread-2] INFO  com.intuit.karate - karate.env system property was: null 
01:12:06.596 [pool-2-thread-1] INFO  com.intuit.karate.Suite - <<pass>> feature 1 of 5 (4 remaining) classpath:brigadeiros/features/AvaliarPedidoValido.feature
01:12:07.150 [pool-2-thread-1] INFO  com.intuit.karate.Suite - <<pass>> feature 2 of 5 (3 remaining) classpath:brigadeiros/features/AvaliarValorPedido.feature
01:12:07.392 [pool-2-thread-1] INFO  com.intuit.karate.Suite - <<pass>> feature 3 of 5 (2 remaining) classpath:brigadeiros/features/FazerPedidoInvalido.feature
01:12:07.653 [pool-2-thread-1] INFO  com.intuit.karate.Suite - <<pass>> feature 4 of 5 (1 remaining) classpath:brigadeiros/features/FazerPedidoValido.feature
01:12:08.368 [pool-2-thread-1] INFO  com.intuit.karate.Suite - <<pass>> feature 5 of 5 (0 remaining) classpath:brigadeiros/features/NegociarPedido.feature
01:13:41.087 [main] INFO  com.intuit.karate.Suite - backed up existing 'target\karate-reports' dir to: target\karate-reports_1622348021087
01:13:42.781 [pool-1-thread-1] INFO  com.intuit.karate - karate.env system property was: null 
01:13:42.781 [pool-1-thread-5] INFO  com.intuit.karate - karate.env system property was: null 
01:13:42.781 [pool-1-thread-3] INFO  com.intuit.karate - karate.env system property was: null 
01:13:42.781 [pool-1-thread-2] INFO  com.intuit.karate - karate.env system property was: null 
01:13:42.781 [pool-1-thread-4] INFO  com.intuit.karate - karate.env system property was: null 
01:13:43.915 [pool-1-thread-3] INFO  com.intuit.karate - karate.env system property was: null 
01:13:43.931 [pool-1-thread-2] INFO  com.intuit.karate - karate.env system property was: null 
01:13:43.946 [pool-1-thread-4] INFO  com.intuit.karate - karate.env system property was: null 
01:13:43.946 [pool-1-thread-1] INFO  com.intuit.karate - karate.env system property was: null 
01:13:43.978 [pool-1-thread-5] INFO  com.intuit.karate - karate.env system property was: null 
01:13:43.993 [pool-1-thread-4] INFO  com.intuit.karate - karate.env system property was: null 
01:13:44.009 [pool-1-thread-1] INFO  com.intuit.karate - karate.env system property was: null 
01:13:44.024 [pool-1-thread-2] INFO  com.intuit.karate - karate.env system property was: null 
01:13:44.056 [pool-1-thread-4] INFO  com.intuit.karate - karate.env system property was: null 
01:13:44.071 [pool-1-thread-1] INFO  com.intuit.karate - karate.env system property was: null 
01:13:44.087 [pool-1-thread-2] INFO  com.intuit.karate - karate.env system property was: null 
01:13:44.103 [pool-1-thread-5] INFO  com.intuit.karate - karate.env system property was: null 
01:13:44.118 [pool-1-thread-4] INFO  com.intuit.karate - karate.env system property was: null 
01:13:44.134 [pool-1-thread-5] INFO  com.intuit.karate - karate.env system property was: null 
01:13:44.165 [pool-1-thread-4] INFO  com.intuit.karate - karate.env system property was: null 
01:13:44.181 [pool-1-thread-5] INFO  com.intuit.karate - karate.env system property was: null 
01:13:44.212 [pool-1-thread-4] INFO  com.intuit.karate - karate.env system property was: null 
01:13:44.227 [pool-1-thread-1] INFO  com.intuit.karate - karate.env system property was: null 
01:13:44.243 [pool-1-thread-5] INFO  com.intuit.karate - karate.env system property was: null 
01:13:44.243 [pool-1-thread-4] INFO  com.intuit.karate - karate.env system property was: null 
01:13:44.259 [pool-1-thread-2] INFO  com.intuit.karate - karate.env system property was: null 
01:13:44.274 [pool-1-thread-1] INFO  com.intuit.karate - karate.env system property was: null 
01:13:44.290 [pool-1-thread-4] INFO  com.intuit.karate - karate.env system property was: null 
01:13:44.290 [pool-1-thread-2] INFO  com.intuit.karate - karate.env system property was: null 
01:13:44.321 [pool-1-thread-1] INFO  com.intuit.karate - karate.env system property was: null 
01:13:44.321 [pool-1-thread-5] INFO  com.intuit.karate - karate.env system property was: null 
01:13:44.337 [pool-1-thread-4] INFO  com.intuit.karate - karate.env system property was: null 
01:13:44.337 [pool-1-thread-2] INFO  com.intuit.karate - karate.env system property was: null 
01:13:44.352 [pool-1-thread-5] INFO  com.intuit.karate - karate.env system property was: null 
01:13:44.384 [pool-1-thread-3] INFO  com.intuit.karate - karate.env system property was: null 
01:13:44.757 [pool-1-thread-3] INFO  com.intuit.karate - karate.env system property was: null 
01:13:44.991 [pool-1-thread-5] INFO  com.intuit.karate - karate.env system property was: null 
01:13:45.086 [pool-1-thread-2] INFO  com.intuit.karate - [print] idInstancia: 6c70c293-c0fd-11eb-bfa3-6432a88054ea 
01:13:45.092 [pool-1-thread-2] INFO  com.intuit.karate - [print] numeroPedido: 348024665 
01:13:45.177 [pool-1-thread-1] INFO  com.intuit.karate - [print] idInstancia: 6c70c284-c0fd-11eb-bfa3-6432a88054ea 
01:13:45.179 [pool-1-thread-1] INFO  com.intuit.karate - [print] numeroPedido: 348024561 
01:13:45.235 [pool-1-thread-1] INFO  com.intuit.karate - karate.env system property was: null 
01:13:45.307 [pool-1-thread-2] INFO  com.intuit.karate - karate.env system property was: null 
01:13:45.373 [pool-1-thread-4] INFO  com.intuit.karate - karate.env system property was: null 
01:13:45.646 [pool-1-thread-1] INFO  com.intuit.karate - karate.env system property was: null 
01:13:45.767 [pool-1-thread-3] INFO  com.intuit.karate - karate.env system property was: null 
01:13:45.795 [pool-1-thread-5] INFO  com.intuit.karate - karate.env system property was: null 
01:13:45.813 [pool-1-thread-4] INFO  com.intuit.karate - karate.env system property was: null 
01:13:45.833 [pool-1-thread-2] INFO  com.intuit.karate - karate.env system property was: null 
01:13:46.060 [pool-1-thread-1] INFO  com.intuit.karate - karate.env system property was: null 
01:13:46.112 [pool-1-thread-3] INFO  com.intuit.karate - karate.env system property was: null 
01:13:46.211 [pool-1-thread-4] INFO  com.intuit.karate - karate.env system property was: null 
01:13:46.296 [pool-1-thread-5] INFO  com.intuit.karate - karate.env system property was: null 
01:13:46.358 [pool-1-thread-1] INFO  com.intuit.karate - karate.env system property was: null 
01:13:47.932 [pool-2-thread-1] INFO  com.intuit.karate.Suite - <<pass>> feature 1 of 5 (4 remaining) classpath:brigadeiros/features/AvaliarPedidoValido.feature
01:13:48.357 [pool-2-thread-1] INFO  com.intuit.karate.Suite - <<pass>> feature 2 of 5 (3 remaining) classpath:brigadeiros/features/AvaliarValorPedido.feature
01:13:48.597 [pool-2-thread-1] INFO  com.intuit.karate.Suite - <<pass>> feature 3 of 5 (2 remaining) classpath:brigadeiros/features/FazerPedidoInvalido.feature
01:13:48.828 [pool-2-thread-1] INFO  com.intuit.karate.Suite - <<pass>> feature 4 of 5 (1 remaining) classpath:brigadeiros/features/FazerPedidoValido.feature
01:13:49.434 [pool-2-thread-1] INFO  com.intuit.karate.Suite - <<pass>> feature 5 of 5 (0 remaining) classpath:brigadeiros/features/NegociarPedido.feature
01:23:46.101 [main] INFO  com.intuit.karate.Suite - backed up existing 'target\karate-reports' dir to: target\karate-reports_1622348626098
01:23:47.770 [pool-1-thread-1] INFO  com.intuit.karate - karate.env system property was: null 
01:23:47.769 [pool-1-thread-3] INFO  com.intuit.karate - karate.env system property was: null 
01:23:47.769 [pool-1-thread-5] INFO  com.intuit.karate - karate.env system property was: null 
01:23:47.768 [pool-1-thread-4] INFO  com.intuit.karate - karate.env system property was: null 
01:23:47.766 [pool-1-thread-2] INFO  com.intuit.karate - karate.env system property was: null 
01:23:48.831 [pool-1-thread-5] INFO  com.intuit.karate - karate.env system property was: null 
01:23:48.851 [pool-1-thread-3] INFO  com.intuit.karate - karate.env system property was: null 
01:23:48.891 [pool-1-thread-3] INFO  com.intuit.karate - karate.env system property was: null 
01:23:48.917 [pool-1-thread-4] INFO  com.intuit.karate - karate.env system property was: null 
01:23:48.941 [pool-1-thread-4] INFO  com.intuit.karate - karate.env system property was: null 
01:23:48.961 [pool-1-thread-3] INFO  com.intuit.karate - karate.env system property was: null 
01:23:48.961 [pool-1-thread-1] INFO  com.intuit.karate - karate.env system property was: null 
01:23:48.967 [pool-1-thread-4] INFO  com.intuit.karate - karate.env system property was: null 
01:23:48.991 [pool-1-thread-3] INFO  com.intuit.karate - karate.env system property was: null 
01:23:48.995 [pool-1-thread-1] INFO  com.intuit.karate - karate.env system property was: null 
01:23:48.998 [pool-1-thread-5] INFO  com.intuit.karate - karate.env system property was: null 
01:23:49.010 [pool-1-thread-3] INFO  com.intuit.karate - karate.env system property was: null 
01:23:49.015 [pool-1-thread-1] INFO  com.intuit.karate - karate.env system property was: null 
01:23:49.018 [pool-1-thread-5] INFO  com.intuit.karate - karate.env system property was: null 
01:23:49.025 [pool-1-thread-2] INFO  com.intuit.karate - karate.env system property was: null 
01:23:49.051 [pool-1-thread-5] INFO  com.intuit.karate - karate.env system property was: null 
01:23:49.067 [pool-1-thread-4] INFO  com.intuit.karate - karate.env system property was: null 
01:23:49.099 [pool-1-thread-5] INFO  com.intuit.karate - karate.env system property was: null 
01:23:49.102 [pool-1-thread-4] INFO  com.intuit.karate - karate.env system property was: null 
01:23:49.118 [pool-1-thread-3] INFO  com.intuit.karate - karate.env system property was: null 
01:23:49.134 [pool-1-thread-5] INFO  com.intuit.karate - karate.env system property was: null 
01:23:49.149 [pool-1-thread-2] INFO  com.intuit.karate - karate.env system property was: null 
01:23:49.165 [pool-1-thread-4] INFO  com.intuit.karate - karate.env system property was: null 
01:23:49.180 [pool-1-thread-3] INFO  com.intuit.karate - karate.env system property was: null 
01:23:49.196 [pool-1-thread-5] INFO  com.intuit.karate - karate.env system property was: null 
01:23:49.196 [pool-1-thread-1] INFO  com.intuit.karate - karate.env system property was: null 
01:23:49.212 [pool-1-thread-4] INFO  com.intuit.karate - karate.env system property was: null 
01:23:49.227 [pool-1-thread-2] INFO  com.intuit.karate - karate.env system property was: null 
01:23:49.243 [pool-1-thread-3] INFO  com.intuit.karate - karate.env system property was: null 
01:23:49.361 [pool-1-thread-5] INFO  com.intuit.karate - karate.env system property was: null 
01:23:49.840 [pool-1-thread-2] INFO  com.intuit.karate - karate.env system property was: null 
01:23:49.868 [pool-1-thread-1] INFO  com.intuit.karate - [print] idInstancia: d4fbcd45-c0fe-11eb-bfa3-6432a88054ea 
01:23:49.870 [pool-1-thread-1] INFO  com.intuit.karate - [print] numeroPedido: 348629559 
01:23:49.988 [pool-1-thread-5] INFO  com.intuit.karate - karate.env system property was: null 
01:23:50.072 [pool-1-thread-1] INFO  com.intuit.karate - karate.env system property was: null 
01:23:50.102 [pool-1-thread-3] INFO  com.intuit.karate - karate.env system property was: null 
01:23:50.290 [pool-1-thread-4] INFO  com.intuit.karate - [print] idInstancia: d4fe3e60-c0fe-11eb-bfa3-6432a88054ea 
01:23:50.292 [pool-1-thread-4] INFO  com.intuit.karate - [print] numeroPedido: 348629709 
01:23:50.393 [pool-1-thread-4] INFO  com.intuit.karate - karate.env system property was: null 
01:23:50.552 [pool-1-thread-5] INFO  com.intuit.karate - karate.env system property was: null 
01:23:50.674 [pool-1-thread-2] INFO  com.intuit.karate - karate.env system property was: null 
01:23:50.819 [pool-1-thread-3] INFO  com.intuit.karate - karate.env system property was: null 
01:23:50.897 [pool-1-thread-4] INFO  com.intuit.karate - karate.env system property was: null 
01:23:50.947 [pool-1-thread-1] INFO  com.intuit.karate - karate.env system property was: null 
01:23:51.054 [pool-1-thread-5] INFO  com.intuit.karate - karate.env system property was: null 
01:23:51.159 [pool-1-thread-1] INFO  com.intuit.karate - karate.env system property was: null 
01:23:51.196 [pool-1-thread-3] INFO  com.intuit.karate - karate.env system property was: null 
01:23:51.215 [pool-1-thread-4] INFO  com.intuit.karate - karate.env system property was: null 
01:23:51.215 [pool-1-thread-2] INFO  com.intuit.karate - karate.env system property was: null 
01:23:52.836 [pool-2-thread-1] INFO  com.intuit.karate.Suite - <<pass>> feature 1 of 5 (4 remaining) classpath:brigadeiros/features/AvaliarPedidoValido.feature
01:23:53.476 [pool-2-thread-1] INFO  com.intuit.karate.Suite - <<pass>> feature 2 of 5 (3 remaining) classpath:brigadeiros/features/AvaliarValorPedido.feature
01:23:53.721 [pool-2-thread-1] INFO  com.intuit.karate.Suite - <<pass>> feature 3 of 5 (2 remaining) classpath:brigadeiros/features/FazerPedidoInvalido.feature
01:23:53.989 [pool-2-thread-1] INFO  com.intuit.karate.Suite - <<pass>> feature 4 of 5 (1 remaining) classpath:brigadeiros/features/FazerPedidoValido.feature
01:23:54.701 [pool-2-thread-1] INFO  com.intuit.karate.Suite - <<pass>> feature 5 of 5 (0 remaining) classpath:brigadeiros/features/NegociarPedido.feature
01:26:06.791 [main] INFO  com.intuit.karate.Runner - using system property 'karate.env': e2e
01:26:07.793 [main] INFO  com.intuit.karate.Suite - backed up existing 'target\karate-reports' dir to: target\karate-reports_1622348767791
01:26:09.701 [pool-1-thread-2] INFO  com.intuit.karate - karate.env system property was: e2e 
01:26:09.701 [pool-1-thread-3] INFO  com.intuit.karate - karate.env system property was: e2e 
01:26:09.701 [pool-1-thread-5] INFO  com.intuit.karate - karate.env system property was: e2e 
01:26:09.701 [pool-1-thread-1] INFO  com.intuit.karate - karate.env system property was: e2e 
01:26:09.701 [pool-1-thread-4] INFO  com.intuit.karate - karate.env system property was: e2e 
01:26:10.850 [pool-1-thread-2] INFO  com.intuit.karate - karate.env system property was: e2e 
01:26:10.850 [pool-1-thread-5] INFO  com.intuit.karate - karate.env system property was: e2e 
01:26:10.865 [pool-1-thread-4] INFO  com.intuit.karate - karate.env system property was: e2e 
01:26:10.897 [pool-1-thread-1] INFO  com.intuit.karate - karate.env system property was: e2e 
01:26:10.897 [pool-1-thread-3] INFO  com.intuit.karate - karate.env system property was: e2e 
01:26:10.912 [pool-1-thread-4] INFO  com.intuit.karate - karate.env system property was: e2e 
01:26:10.931 [pool-1-thread-3] INFO  com.intuit.karate - karate.env system property was: e2e 
01:26:10.939 [pool-1-thread-5] INFO  com.intuit.karate - karate.env system property was: e2e 
01:26:10.966 [pool-1-thread-2] INFO  com.intuit.karate - karate.env system property was: e2e 
01:26:10.970 [pool-1-thread-1] INFO  com.intuit.karate - karate.env system property was: e2e 
01:26:10.994 [pool-1-thread-3] INFO  com.intuit.karate - karate.env system property was: e2e 
01:26:10.949 [pool-1-thread-4] INFO  com.intuit.karate - karate.env system property was: e2e 
01:26:11.018 [pool-1-thread-1] INFO  com.intuit.karate - karate.env system property was: e2e 
01:26:11.033 [pool-1-thread-2] INFO  com.intuit.karate - karate.env system property was: e2e 
01:26:11.049 [pool-1-thread-3] INFO  com.intuit.karate - karate.env system property was: e2e 
01:26:11.049 [pool-1-thread-1] INFO  com.intuit.karate - karate.env system property was: e2e 
01:26:11.064 [pool-1-thread-5] INFO  com.intuit.karate - karate.env system property was: e2e 
01:26:11.080 [pool-1-thread-2] INFO  com.intuit.karate - karate.env system property was: e2e 
01:26:11.096 [pool-1-thread-4] INFO  com.intuit.karate - karate.env system property was: e2e 
01:26:11.363 [pool-1-thread-3] INFO  com.intuit.karate - karate.env system property was: e2e 
01:26:11.389 [pool-1-thread-1] INFO  com.intuit.karate - karate.env system property was: e2e 
01:26:11.408 [pool-1-thread-4] INFO  com.intuit.karate - karate.env system property was: e2e 
01:26:11.422 [pool-1-thread-2] INFO  com.intuit.karate - karate.env system property was: e2e 
01:26:11.431 [pool-1-thread-3] INFO  com.intuit.karate - karate.env system property was: e2e 
01:26:11.445 [pool-1-thread-1] INFO  com.intuit.karate - karate.env system property was: e2e 
01:26:11.453 [pool-1-thread-4] INFO  com.intuit.karate - karate.env system property was: e2e 
01:26:11.472 [pool-1-thread-5] INFO  com.intuit.karate - karate.env system property was: e2e 
01:26:11.484 [pool-1-thread-1] INFO  com.intuit.karate - karate.env system property was: e2e 
01:26:11.505 [pool-1-thread-3] INFO  com.intuit.karate - karate.env system property was: e2e 
01:26:11.612 [pool-1-thread-2] INFO  com.intuit.karate - karate.env system property was: e2e 
01:26:12.029 [pool-1-thread-3] INFO  com.intuit.karate - karate.env system property was: e2e 
01:26:12.071 [pool-1-thread-1] INFO  com.intuit.karate - karate.env system property was: e2e 
01:26:12.077 [pool-1-thread-2] INFO  com.intuit.karate - karate.env system property was: e2e 
01:26:12.149 [pool-1-thread-5] INFO  com.intuit.karate - [print] idInstancia: 29c5bbf5-c0ff-11eb-bfa3-6432a88054ea 
01:26:12.155 [pool-1-thread-5] INFO  com.intuit.karate - [print] numeroPedido: 348771854 
01:26:12.227 [pool-1-thread-5] ERROR com.intuit.karate - classpath:brigadeiros/features/FazerPedidoValido.feature:51
And match $[0].taskDefinitionKey == 'FabricarPedidoTask'
match failed: EQUALS
  $ | not equal (STRING:STRING)
  'InformarPedidoAceitoTask'
  'FabricarPedidoTask'

classpath:brigadeiros/features/FazerPedidoValido.feature:51
01:26:12.244 [pool-1-thread-5] INFO  com.intuit.karate - karate.env system property was: e2e 
01:26:12.298 [pool-1-thread-4] INFO  com.intuit.karate - [print] idInstancia: 29c56dc6-c0ff-11eb-bfa3-6432a88054ea 
01:26:12.300 [pool-1-thread-4] INFO  com.intuit.karate - [print] numeroPedido: 348771842 
01:26:12.350 [pool-1-thread-4] INFO  com.intuit.karate - karate.env system property was: e2e 
01:26:12.622 [pool-1-thread-5] INFO  com.intuit.karate - karate.env system property was: e2e 
01:26:12.651 [pool-1-thread-4] INFO  com.intuit.karate - karate.env system property was: e2e 
01:26:12.688 [pool-1-thread-2] INFO  com.intuit.karate - karate.env system property was: e2e 
01:26:12.723 [pool-1-thread-3] INFO  com.intuit.karate - karate.env system property was: e2e 
01:26:12.805 [pool-1-thread-1] INFO  com.intuit.karate - karate.env system property was: e2e 
01:26:12.912 [pool-1-thread-3] INFO  com.intuit.karate - karate.env system property was: e2e 
01:26:13.096 [pool-1-thread-4] INFO  com.intuit.karate - karate.env system property was: e2e 
01:26:13.110 [pool-1-thread-5] INFO  com.intuit.karate - karate.env system property was: e2e 
01:26:13.120 [pool-1-thread-2] INFO  com.intuit.karate - karate.env system property was: e2e 
01:26:13.169 [pool-1-thread-1] INFO  com.intuit.karate - karate.env system property was: e2e 
01:26:14.947 [pool-2-thread-1] INFO  com.intuit.karate.Suite - <<pass>> feature 1 of 5 (4 remaining) classpath:brigadeiros/features/AvaliarPedidoValido.feature
01:26:15.330 [pool-2-thread-1] INFO  com.intuit.karate.Suite - <<pass>> feature 2 of 5 (3 remaining) classpath:brigadeiros/features/AvaliarValorPedido.feature
01:26:15.545 [pool-2-thread-1] INFO  com.intuit.karate.Suite - <<pass>> feature 3 of 5 (2 remaining) classpath:brigadeiros/features/FazerPedidoInvalido.feature
01:26:15.758 [pool-2-thread-1] INFO  com.intuit.karate.Suite - <<fail>> feature 4 of 5 (1 remaining) classpath:brigadeiros/features/FazerPedidoValido.feature
01:26:16.306 [pool-2-thread-1] INFO  com.intuit.karate.Suite - <<pass>> feature 5 of 5 (0 remaining) classpath:brigadeiros/features/NegociarPedido.feature
18:14:40.925 [main]  INFO  com.intuit.karate - Karate version: 1.1.0.RC1
18:14:41.842 [main]  INFO  com.intuit.karate.Suite - backed up existing 'target\karate-reports' dir to: target\karate-reports_1622754881841
18:14:41.938 [main]  INFO  c.intuit.karate.core.FeatureRuntime - found scenario at line: 6
18:14:49.536 [main]  DEBUG com.intuit.karate - request:
1 > POST http://localhost:8080/engine-rest/decision-definition/key/PedidoValidoDecision/evaluate
1 > Content-Type: application/json; charset=UTF-8
1 > Content-Length: 285
1 > Host: localhost:8080
1 > Connection: Keep-Alive
1 > User-Agent: Apache-HttpClient/4.5.13 (Java/11.0.2)
1 > Accept-Encoding: gzip,deflate
{"variables":{"quantidadePedida":{"type":"Integer","value":99},"indicacao":{"type":"Boolean","value":false},"nomeCliente":{"type":"String","value":"Creusa"},"pagou":{"type":"Boolean","value":false},"prazoPedido":{"type":"Integer","value":0},"comprou":{"type":"Boolean","value":false}}}

18:14:53.671 [main]  DEBUG com.intuit.karate - response time in milliseconds: 4131
1 < 200
1 < Content-Type: application/json
1 < Transfer-Encoding: chunked
1 < Date: Thu, 03 Jun 2021 21:14:53 GMT
1 < Keep-Alive: timeout=20
1 < Connection: keep-alive
[{"pedidoValido":{"valueInfo":{},"type":"Boolean","value":true},"msgValidacaoPedido":{"valueInfo":{},"type":"String","value":"Pedido aceito"}}]
18:14:53.814 [main]  INFO  c.intuit.karate.core.FeatureRuntime - found scenario at line: 6
18:14:53.838 [main]  DEBUG com.intuit.karate - request:
1 > POST http://localhost:8080/engine-rest/decision-definition/key/PedidoValidoDecision/evaluate
1 > Content-Type: application/json; charset=UTF-8
1 > Content-Length: 285
1 > Host: localhost:8080
1 > Connection: Keep-Alive
1 > User-Agent: Apache-HttpClient/4.5.13 (Java/11.0.2)
1 > Accept-Encoding: gzip,deflate
{"variables":{"quantidadePedida":{"type":"Integer","value":99},"indicacao":{"type":"Boolean","value":false},"nomeCliente":{"type":"String","value":"Creusa"},"pagou":{"type":"Boolean","value":false},"prazoPedido":{"type":"Integer","value":1},"comprou":{"type":"Boolean","value":false}}}

18:14:54.066 [main]  DEBUG com.intuit.karate - response time in milliseconds: 206
1 < 200
1 < Content-Type: application/json
1 < Transfer-Encoding: chunked
1 < Date: Thu, 03 Jun 2021 21:14:53 GMT
1 < Keep-Alive: timeout=20
1 < Connection: keep-alive
[{"pedidoValido":{"valueInfo":{},"type":"Boolean","value":true},"msgValidacaoPedido":{"valueInfo":{},"type":"String","value":"Pedido aceito"}}]
18:14:54.091 [main]  INFO  c.intuit.karate.core.FeatureRuntime - found scenario at line: 6
18:14:54.112 [main]  DEBUG com.intuit.karate - request:
1 > POST http://localhost:8080/engine-rest/decision-definition/key/PedidoValidoDecision/evaluate
1 > Content-Type: application/json; charset=UTF-8
1 > Content-Length: 283
1 > Host: localhost:8080
1 > Connection: Keep-Alive
1 > User-Agent: Apache-HttpClient/4.5.13 (Java/11.0.2)
1 > Accept-Encoding: gzip,deflate
{"variables":{"quantidadePedida":{"type":"Integer","value":100},"indicacao":{"type":"Boolean","value":true},"nomeCliente":{"type":"String","value":"Creusa"},"pagou":{"type":"Boolean","value":true},"prazoPedido":{"type":"Integer","value":0},"comprou":{"type":"Boolean","value":true}}}

18:14:54.333 [main]  DEBUG com.intuit.karate - response time in milliseconds: 214
1 < 200
1 < Content-Type: application/json
1 < Transfer-Encoding: chunked
1 < Date: Thu, 03 Jun 2021 21:14:53 GMT
1 < Keep-Alive: timeout=20
1 < Connection: keep-alive
[{"pedidoValido":{"valueInfo":{},"type":"Boolean","value":true},"msgValidacaoPedido":{"valueInfo":{},"type":"String","value":"Pedido aceito"}}]
18:14:54.360 [main]  INFO  c.intuit.karate.core.FeatureRuntime - found scenario at line: 6
18:14:54.395 [main]  DEBUG com.intuit.karate - request:
1 > POST http://localhost:8080/engine-rest/decision-definition/key/PedidoValidoDecision/evaluate
1 > Content-Type: application/json; charset=UTF-8
1 > Content-Length: 283
1 > Host: localhost:8080
1 > Connection: Keep-Alive
1 > User-Agent: Apache-HttpClient/4.5.13 (Java/11.0.2)
1 > Accept-Encoding: gzip,deflate
{"variables":{"quantidadePedida":{"type":"Integer","value":100},"indicacao":{"type":"Boolean","value":true},"nomeCliente":{"type":"String","value":"Creusa"},"pagou":{"type":"Boolean","value":true},"prazoPedido":{"type":"Integer","value":1},"comprou":{"type":"Boolean","value":true}}}

18:14:54.409 [main]  DEBUG com.intuit.karate - response time in milliseconds: 9
1 < 200
1 < Content-Type: application/json
1 < Transfer-Encoding: chunked
1 < Date: Thu, 03 Jun 2021 21:14:53 GMT
1 < Keep-Alive: timeout=20
1 < Connection: keep-alive
[{"pedidoValido":{"valueInfo":{},"type":"Boolean","value":true},"msgValidacaoPedido":{"valueInfo":{},"type":"String","value":"Pedido aceito"}}]
18:14:54.414 [main]  INFO  c.intuit.karate.core.FeatureRuntime - found scenario at line: 6
18:14:54.425 [main]  DEBUG com.intuit.karate - request:
1 > POST http://localhost:8080/engine-rest/decision-definition/key/PedidoValidoDecision/evaluate
1 > Content-Type: application/json; charset=UTF-8
1 > Content-Length: 283
1 > Host: localhost:8080
1 > Connection: Keep-Alive
1 > User-Agent: Apache-HttpClient/4.5.13 (Java/11.0.2)
1 > Accept-Encoding: gzip,deflate
{"variables":{"quantidadePedida":{"type":"Integer","value":999},"indicacao":{"type":"Boolean","value":true},"nomeCliente":{"type":"String","value":"Creusa"},"pagou":{"type":"Boolean","value":true},"prazoPedido":{"type":"Integer","value":0},"comprou":{"type":"Boolean","value":true}}}

18:14:54.548 [main]  DEBUG com.intuit.karate - response time in milliseconds: 118
1 < 200
1 < Content-Type: application/json
1 < Transfer-Encoding: chunked
1 < Date: Thu, 03 Jun 2021 21:14:53 GMT
1 < Keep-Alive: timeout=20
1 < Connection: keep-alive
[{"pedidoValido":{"valueInfo":{},"type":"Boolean","value":true},"msgValidacaoPedido":{"valueInfo":{},"type":"String","value":"Pedido aceito"}}]
18:14:54.557 [main]  INFO  c.intuit.karate.core.FeatureRuntime - found scenario at line: 6
18:14:54.573 [main]  DEBUG com.intuit.karate - request:
1 > POST http://localhost:8080/engine-rest/decision-definition/key/PedidoValidoDecision/evaluate
1 > Content-Type: application/json; charset=UTF-8
1 > Content-Length: 283
1 > Host: localhost:8080
1 > Connection: Keep-Alive
1 > User-Agent: Apache-HttpClient/4.5.13 (Java/11.0.2)
1 > Accept-Encoding: gzip,deflate
{"variables":{"quantidadePedida":{"type":"Integer","value":999},"indicacao":{"type":"Boolean","value":true},"nomeCliente":{"type":"String","value":"Creusa"},"pagou":{"type":"Boolean","value":true},"prazoPedido":{"type":"Integer","value":1},"comprou":{"type":"Boolean","value":true}}}

18:14:55.085 [main]  DEBUG com.intuit.karate - response time in milliseconds: 507
1 < 200
1 < Content-Type: application/json
1 < Transfer-Encoding: chunked
1 < Date: Thu, 03 Jun 2021 21:14:55 GMT
1 < Keep-Alive: timeout=20
1 < Connection: keep-alive
[{"pedidoValido":{"valueInfo":{},"type":"Boolean","value":true},"msgValidacaoPedido":{"valueInfo":{},"type":"String","value":"Pedido aceito"}}]
18:14:55.106 [main]  INFO  c.intuit.karate.core.FeatureRuntime - found scenario at line: 6
18:14:55.119 [main]  DEBUG com.intuit.karate - request:
1 > POST http://localhost:8080/engine-rest/decision-definition/key/PedidoValidoDecision/evaluate
1 > Content-Type: application/json; charset=UTF-8
1 > Content-Length: 284
1 > Host: localhost:8080
1 > Connection: Keep-Alive
1 > User-Agent: Apache-HttpClient/4.5.13 (Java/11.0.2)
1 > Accept-Encoding: gzip,deflate
{"variables":{"quantidadePedida":{"type":"Integer","value":1001},"indicacao":{"type":"Boolean","value":true},"nomeCliente":{"type":"String","value":"Creusa"},"pagou":{"type":"Boolean","value":true},"prazoPedido":{"type":"Integer","value":0},"comprou":{"type":"Boolean","value":true}}}

18:14:55.144 [main]  DEBUG com.intuit.karate - response time in milliseconds: 20
1 < 200
1 < Content-Type: application/json
1 < Transfer-Encoding: chunked
1 < Date: Thu, 03 Jun 2021 21:14:55 GMT
1 < Keep-Alive: timeout=20
1 < Connection: keep-alive
[{"pedidoValido":{"valueInfo":{},"type":"Boolean","value":true},"msgValidacaoPedido":{"valueInfo":{},"type":"String","value":"Pedido aceito"}}]
18:14:55.148 [main]  INFO  c.intuit.karate.core.FeatureRuntime - found scenario at line: 6
18:14:55.162 [main]  DEBUG com.intuit.karate - request:
1 > POST http://localhost:8080/engine-rest/decision-definition/key/PedidoValidoDecision/evaluate
1 > Content-Type: application/json; charset=UTF-8
1 > Content-Length: 284
1 > Host: localhost:8080
1 > Connection: Keep-Alive
1 > User-Agent: Apache-HttpClient/4.5.13 (Java/11.0.2)
1 > Accept-Encoding: gzip,deflate
{"variables":{"quantidadePedida":{"type":"Integer","value":1001},"indicacao":{"type":"Boolean","value":true},"nomeCliente":{"type":"String","value":"Creusa"},"pagou":{"type":"Boolean","value":true},"prazoPedido":{"type":"Integer","value":1},"comprou":{"type":"Boolean","value":true}}}

18:14:55.186 [main]  DEBUG com.intuit.karate - response time in milliseconds: 21
1 < 200
1 < Content-Type: application/json
1 < Transfer-Encoding: chunked
1 < Date: Thu, 03 Jun 2021 21:14:55 GMT
1 < Keep-Alive: timeout=20
1 < Connection: keep-alive
[{"pedidoValido":{"valueInfo":{},"type":"Boolean","value":true},"msgValidacaoPedido":{"valueInfo":{},"type":"String","value":"Pedido aceito"}}]
18:14:55.194 [main]  INFO  c.intuit.karate.core.FeatureRuntime - found scenario at line: 6
18:14:55.202 [main]  DEBUG com.intuit.karate - request:
1 > POST http://localhost:8080/engine-rest/decision-definition/key/PedidoValidoDecision/evaluate
1 > Content-Type: application/json; charset=UTF-8
1 > Content-Length: 283
1 > Host: localhost:8080
1 > Connection: Keep-Alive
1 > User-Agent: Apache-HttpClient/4.5.13 (Java/11.0.2)
1 > Accept-Encoding: gzip,deflate
{"variables":{"quantidadePedida":{"type":"Integer","value":100},"indicacao":{"type":"Boolean","value":false},"nomeCliente":{"type":"String","value":"Maria"},"pagou":{"type":"Boolean","value":true},"prazoPedido":{"type":"Integer","value":1},"comprou":{"type":"Boolean","value":true}}}

18:14:55.216 [main]  DEBUG com.intuit.karate - response time in milliseconds: 7
1 < 200
1 < Content-Type: application/json
1 < Transfer-Encoding: chunked
1 < Date: Thu, 03 Jun 2021 21:14:55 GMT
1 < Keep-Alive: timeout=20
1 < Connection: keep-alive
[{"pedidoValido":{"valueInfo":{},"type":"Boolean","value":true},"msgValidacaoPedido":{"valueInfo":{},"type":"String","value":"Pedido aceito"}}]
18:14:55.225 [main]  INFO  c.intuit.karate.core.FeatureRuntime - found scenario at line: 6
18:14:55.232 [main]  DEBUG com.intuit.karate - request:
1 > POST http://localhost:8080/engine-rest/decision-definition/key/PedidoValidoDecision/evaluate
1 > Content-Type: application/json; charset=UTF-8
1 > Content-Length: 284
1 > Host: localhost:8080
1 > Connection: Keep-Alive
1 > User-Agent: Apache-HttpClient/4.5.13 (Java/11.0.2)
1 > Accept-Encoding: gzip,deflate
{"variables":{"quantidadePedida":{"type":"Integer","value":100},"indicacao":{"type":"Boolean","value":true},"nomeCliente":{"type":"String","value":"Maria"},"pagou":{"type":"Boolean","value":false},"prazoPedido":{"type":"Integer","value":1},"comprou":{"type":"Boolean","value":false}}}

18:14:55.314 [main]  DEBUG com.intuit.karate - response time in milliseconds: 51
1 < 200
1 < Content-Type: application/json
1 < Transfer-Encoding: chunked
1 < Date: Thu, 03 Jun 2021 21:14:55 GMT
1 < Keep-Alive: timeout=20
1 < Connection: keep-alive
[{"pedidoValido":{"valueInfo":{},"type":"Boolean","value":true},"msgValidacaoPedido":{"valueInfo":{},"type":"String","value":"Pedido aceito"}}]
18:14:55.319 [main]  INFO  c.intuit.karate.core.FeatureRuntime - found scenario at line: 6
18:14:55.340 [main]  DEBUG com.intuit.karate - request:
1 > POST http://localhost:8080/engine-rest/decision-definition/key/PedidoValidoDecision/evaluate
1 > Content-Type: application/json; charset=UTF-8
1 > Content-Length: 283
1 > Host: localhost:8080
1 > Connection: Keep-Alive
1 > User-Agent: Apache-HttpClient/4.5.13 (Java/11.0.2)
1 > Accept-Encoding: gzip,deflate
{"variables":{"quantidadePedida":{"type":"Integer","value":999},"indicacao":{"type":"Boolean","value":false},"nomeCliente":{"type":"String","value":"Maria"},"pagou":{"type":"Boolean","value":true},"prazoPedido":{"type":"Integer","value":1},"comprou":{"type":"Boolean","value":true}}}

18:14:55.358 [main]  DEBUG com.intuit.karate - response time in milliseconds: 12
1 < 200
1 < Content-Type: application/json
1 < Transfer-Encoding: chunked
1 < Date: Thu, 03 Jun 2021 21:14:55 GMT
1 < Keep-Alive: timeout=20
1 < Connection: keep-alive
[{"pedidoValido":{"valueInfo":{},"type":"Boolean","value":true},"msgValidacaoPedido":{"valueInfo":{},"type":"String","value":"Pedido aceito"}}]
18:14:55.364 [main]  INFO  c.intuit.karate.core.FeatureRuntime - found scenario at line: 6
18:14:55.373 [main]  DEBUG com.intuit.karate - request:
1 > POST http://localhost:8080/engine-rest/decision-definition/key/PedidoValidoDecision/evaluate
1 > Content-Type: application/json; charset=UTF-8
1 > Content-Length: 284
1 > Host: localhost:8080
1 > Connection: Keep-Alive
1 > User-Agent: Apache-HttpClient/4.5.13 (Java/11.0.2)
1 > Accept-Encoding: gzip,deflate
{"variables":{"quantidadePedida":{"type":"Integer","value":999},"indicacao":{"type":"Boolean","value":true},"nomeCliente":{"type":"String","value":"Maria"},"pagou":{"type":"Boolean","value":false},"prazoPedido":{"type":"Integer","value":1},"comprou":{"type":"Boolean","value":false}}}

18:14:55.386 [main]  DEBUG com.intuit.karate - response time in milliseconds: 7
1 < 200
1 < Content-Type: application/json
1 < Transfer-Encoding: chunked
1 < Date: Thu, 03 Jun 2021 21:14:55 GMT
1 < Keep-Alive: timeout=20
1 < Connection: keep-alive
[{"pedidoValido":{"valueInfo":{},"type":"Boolean","value":true},"msgValidacaoPedido":{"valueInfo":{},"type":"String","value":"Pedido aceito"}}]
18:14:55.391 [main]  INFO  c.intuit.karate.core.FeatureRuntime - found scenario at line: 6
18:14:55.397 [main]  DEBUG com.intuit.karate - request:
1 > POST http://localhost:8080/engine-rest/decision-definition/key/PedidoValidoDecision/evaluate
1 > Content-Type: application/json; charset=UTF-8
1 > Content-Length: 282
1 > Host: localhost:8080
1 > Connection: Keep-Alive
1 > User-Agent: Apache-HttpClient/4.5.13 (Java/11.0.2)
1 > Accept-Encoding: gzip,deflate
{"variables":{"quantidadePedida":{"type":"Integer","value":100},"indicacao":{"type":"Boolean","value":true},"nomeCliente":{"type":"String","value":"Maria"},"pagou":{"type":"Boolean","value":true},"prazoPedido":{"type":"Integer","value":0},"comprou":{"type":"Boolean","value":true}}}

18:14:55.424 [main]  DEBUG com.intuit.karate - response time in milliseconds: 23
1 < 200
1 < Content-Type: application/json
1 < Transfer-Encoding: chunked
1 < Date: Thu, 03 Jun 2021 21:14:55 GMT
1 < Keep-Alive: timeout=20
1 < Connection: keep-alive
[{"pedidoValido":{"valueInfo":{},"type":"Boolean","value":false},"msgValidacaoPedido":{"valueInfo":{},"type":"String","value":"Pedido no vale a pena"}}]
18:14:55.429 [main]  INFO  c.intuit.karate.core.FeatureRuntime - found scenario at line: 6
18:14:55.436 [main]  DEBUG com.intuit.karate - request:
1 > POST http://localhost:8080/engine-rest/decision-definition/key/PedidoValidoDecision/evaluate
1 > Content-Type: application/json; charset=UTF-8
1 > Content-Length: 282
1 > Host: localhost:8080
1 > Connection: Keep-Alive
1 > User-Agent: Apache-HttpClient/4.5.13 (Java/11.0.2)
1 > Accept-Encoding: gzip,deflate
{"variables":{"quantidadePedida":{"type":"Integer","value":999},"indicacao":{"type":"Boolean","value":true},"nomeCliente":{"type":"String","value":"Maria"},"pagou":{"type":"Boolean","value":true},"prazoPedido":{"type":"Integer","value":0},"comprou":{"type":"Boolean","value":true}}}

18:14:55.466 [main]  DEBUG com.intuit.karate - response time in milliseconds: 25
1 < 200
1 < Content-Type: application/json
1 < Transfer-Encoding: chunked
1 < Date: Thu, 03 Jun 2021 21:14:55 GMT
1 < Keep-Alive: timeout=20
1 < Connection: keep-alive
[{"pedidoValido":{"valueInfo":{},"type":"Boolean","value":false},"msgValidacaoPedido":{"valueInfo":{},"type":"String","value":"Pedido no vale a pena"}}]
18:14:55.477 [main]  INFO  c.intuit.karate.core.FeatureRuntime - found scenario at line: 6
18:14:55.483 [main]  DEBUG com.intuit.karate - request:
1 > POST http://localhost:8080/engine-rest/decision-definition/key/PedidoValidoDecision/evaluate
1 > Content-Type: application/json; charset=UTF-8
1 > Content-Length: 281
1 > Host: localhost:8080
1 > Connection: Keep-Alive
1 > User-Agent: Apache-HttpClient/4.5.13 (Java/11.0.2)
1 > Accept-Encoding: gzip,deflate
{"variables":{"quantidadePedida":{"type":"Integer","value":99},"indicacao":{"type":"Boolean","value":true},"nomeCliente":{"type":"String","value":"Maria"},"pagou":{"type":"Boolean","value":true},"prazoPedido":{"type":"Integer","value":1},"comprou":{"type":"Boolean","value":true}}}

18:14:55.528 [main]  DEBUG com.intuit.karate - response time in milliseconds: 41
1 < 200
1 < Content-Type: application/json
1 < Transfer-Encoding: chunked
1 < Date: Thu, 03 Jun 2021 21:14:55 GMT
1 < Keep-Alive: timeout=20
1 < Connection: keep-alive
[{"pedidoValido":{"valueInfo":{},"type":"Boolean","value":false},"msgValidacaoPedido":{"valueInfo":{},"type":"String","value":"Pedido no vale a pena"}}]
18:14:55.533 [main]  INFO  c.intuit.karate.core.FeatureRuntime - found scenario at line: 6
18:14:55.545 [main]  DEBUG com.intuit.karate - request:
1 > POST http://localhost:8080/engine-rest/decision-definition/key/PedidoValidoDecision/evaluate
1 > Content-Type: application/json; charset=UTF-8
1 > Content-Length: 283
1 > Host: localhost:8080
1 > Connection: Keep-Alive
1 > User-Agent: Apache-HttpClient/4.5.13 (Java/11.0.2)
1 > Accept-Encoding: gzip,deflate
{"variables":{"quantidadePedida":{"type":"Integer","value":1001},"indicacao":{"type":"Boolean","value":true},"nomeCliente":{"type":"String","value":"Maria"},"pagou":{"type":"Boolean","value":true},"prazoPedido":{"type":"Integer","value":1},"comprou":{"type":"Boolean","value":true}}}

18:14:55.633 [main]  DEBUG com.intuit.karate - response time in milliseconds: 84
1 < 200
1 < Content-Type: application/json
1 < Transfer-Encoding: chunked
1 < Date: Thu, 03 Jun 2021 21:14:55 GMT
1 < Keep-Alive: timeout=20
1 < Connection: keep-alive
[{"pedidoValido":{"valueInfo":{},"type":"Boolean","value":false},"msgValidacaoPedido":{"valueInfo":{},"type":"String","value":"Pedido no vale a pena"}}]
18:14:55.644 [main]  INFO  c.intuit.karate.core.FeatureRuntime - found scenario at line: 6
18:14:55.652 [main]  DEBUG com.intuit.karate - request:
1 > POST http://localhost:8080/engine-rest/decision-definition/key/PedidoValidoDecision/evaluate
1 > Content-Type: application/json; charset=UTF-8
1 > Content-Length: 283
1 > Host: localhost:8080
1 > Connection: Keep-Alive
1 > User-Agent: Apache-HttpClient/4.5.13 (Java/11.0.2)
1 > Accept-Encoding: gzip,deflate
{"variables":{"quantidadePedida":{"type":"Integer","value":100},"indicacao":{"type":"Boolean","value":true},"nomeCliente":{"type":"String","value":"Maria"},"pagou":{"type":"Boolean","value":false},"prazoPedido":{"type":"Integer","value":1},"comprou":{"type":"Boolean","value":true}}}

18:14:55.811 [main]  DEBUG com.intuit.karate - response time in milliseconds: 154
1 < 200
1 < Content-Type: application/json
1 < Transfer-Encoding: chunked
1 < Date: Thu, 03 Jun 2021 21:14:55 GMT
1 < Keep-Alive: timeout=20
1 < Connection: keep-alive
[{"pedidoValido":{"valueInfo":{},"type":"Boolean","value":false},"msgValidacaoPedido":{"valueInfo":{},"type":"String","value":"Pedido de cliente ruim"}}]
18:14:55.827 [main]  INFO  c.intuit.karate.core.FeatureRuntime - found scenario at line: 6
18:14:55.837 [main]  DEBUG com.intuit.karate - request:
1 > POST http://localhost:8080/engine-rest/decision-definition/key/PedidoValidoDecision/evaluate
1 > Content-Type: application/json; charset=UTF-8
1 > Content-Length: 285
1 > Host: localhost:8080
1 > Connection: Keep-Alive
1 > User-Agent: Apache-HttpClient/4.5.13 (Java/11.0.2)
1 > Accept-Encoding: gzip,deflate
{"variables":{"quantidadePedida":{"type":"Integer","value":100},"indicacao":{"type":"Boolean","value":false},"nomeCliente":{"type":"String","value":"Maria"},"pagou":{"type":"Boolean","value":false},"prazoPedido":{"type":"Integer","value":1},"comprou":{"type":"Boolean","value":false}}}

18:14:55.853 [main]  DEBUG com.intuit.karate - response time in milliseconds: 12
1 < 200
1 < Content-Type: application/json
1 < Transfer-Encoding: chunked
1 < Date: Thu, 03 Jun 2021 21:14:55 GMT
1 < Keep-Alive: timeout=20
1 < Connection: keep-alive
[{"pedidoValido":{"valueInfo":{},"type":"Boolean","value":false},"msgValidacaoPedido":{"valueInfo":{},"type":"String","value":"Pedido de cliente ruim"}}]
18:15:01.116 [main]  INFO  com.intuit.karate.Suite - <<pass>> feature 1 of 1 (0 remaining) features/AvaliarPedidoValido.feature
18:15:17.323 [main]  INFO  com.intuit.karate - Karate version: 1.1.0.RC1
18:15:17.589 [main]  INFO  com.intuit.karate.Suite - backed up existing 'target\karate-reports' dir to: target\karate-reports_1622754917587
18:15:17.621 [main]  INFO  c.intuit.karate.core.FeatureRuntime - found scenario at line: 6
18:15:19.456 [main]  DEBUG com.intuit.karate - request:
1 > POST http://localhost:8080/engine-rest/decision-definition/key/ValorPedidoDecision/evaluate
1 > Content-Type: application/json; charset=UTF-8
1 > Content-Length: 285
1 > Host: localhost:8080
1 > Connection: Keep-Alive
1 > User-Agent: Apache-HttpClient/4.5.13 (Java/11.0.2)
1 > Accept-Encoding: gzip,deflate
{"variables":{"quantidadePedida":{"type":"Integer","value":99},"indicacao":{"type":"Boolean","value":false},"nomeCliente":{"type":"String","value":"Creusa"},"pagou":{"type":"Boolean","value":false},"prazoPedido":{"type":"Integer","value":0},"comprou":{"type":"Boolean","value":false}}}

18:15:19.616 [main]  DEBUG com.intuit.karate - response time in milliseconds: 149
1 < 200
1 < Content-Type: application/json
1 < Transfer-Encoding: chunked
1 < Date: Thu, 03 Jun 2021 21:15:19 GMT
1 < Keep-Alive: timeout=20
1 < Connection: keep-alive
[{"valorPedido":{"valueInfo":{},"type":"Double","value":128.7}}]
18:15:19.651 [main]  INFO  c.intuit.karate.core.FeatureRuntime - found scenario at line: 6
18:15:19.668 [main]  DEBUG com.intuit.karate - request:
1 > POST http://localhost:8080/engine-rest/decision-definition/key/ValorPedidoDecision/evaluate
1 > Content-Type: application/json; charset=UTF-8
1 > Content-Length: 283
1 > Host: localhost:8080
1 > Connection: Keep-Alive
1 > User-Agent: Apache-HttpClient/4.5.13 (Java/11.0.2)
1 > Accept-Encoding: gzip,deflate
{"variables":{"quantidadePedida":{"type":"Integer","value":100},"indicacao":{"type":"Boolean","value":true},"nomeCliente":{"type":"String","value":"Creusa"},"pagou":{"type":"Boolean","value":true},"prazoPedido":{"type":"Integer","value":0},"comprou":{"type":"Boolean","value":true}}}

18:15:19.682 [main]  DEBUG com.intuit.karate - response time in milliseconds: 8
1 < 200
1 < Content-Type: application/json
1 < Transfer-Encoding: chunked
1 < Date: Thu, 03 Jun 2021 21:15:19 GMT
1 < Keep-Alive: timeout=20
1 < Connection: keep-alive
[{"valorPedido":{"valueInfo":{},"type":"Double","value":130.0}}]
18:15:19.687 [main]  INFO  c.intuit.karate.core.FeatureRuntime - found scenario at line: 6
18:15:19.703 [main]  DEBUG com.intuit.karate - request:
1 > POST http://localhost:8080/engine-rest/decision-definition/key/ValorPedidoDecision/evaluate
1 > Content-Type: application/json; charset=UTF-8
1 > Content-Length: 283
1 > Host: localhost:8080
1 > Connection: Keep-Alive
1 > User-Agent: Apache-HttpClient/4.5.13 (Java/11.0.2)
1 > Accept-Encoding: gzip,deflate
{"variables":{"quantidadePedida":{"type":"Integer","value":999},"indicacao":{"type":"Boolean","value":true},"nomeCliente":{"type":"String","value":"Creusa"},"pagou":{"type":"Boolean","value":true},"prazoPedido":{"type":"Integer","value":0},"comprou":{"type":"Boolean","value":true}}}

18:15:19.715 [main]  DEBUG com.intuit.karate - response time in milliseconds: 10
1 < 200
1 < Content-Type: application/json
1 < Transfer-Encoding: chunked
1 < Date: Thu, 03 Jun 2021 21:15:19 GMT
1 < Keep-Alive: timeout=20
1 < Connection: keep-alive
[{"valorPedido":{"valueInfo":{},"type":"Double","value":1298.7}}]
18:15:19.720 [main]  INFO  c.intuit.karate.core.FeatureRuntime - found scenario at line: 6
18:15:19.739 [main]  DEBUG com.intuit.karate - request:
1 > POST http://localhost:8080/engine-rest/decision-definition/key/ValorPedidoDecision/evaluate
1 > Content-Type: application/json; charset=UTF-8
1 > Content-Length: 284
1 > Host: localhost:8080
1 > Connection: Keep-Alive
1 > User-Agent: Apache-HttpClient/4.5.13 (Java/11.0.2)
1 > Accept-Encoding: gzip,deflate
{"variables":{"quantidadePedida":{"type":"Integer","value":1001},"indicacao":{"type":"Boolean","value":true},"nomeCliente":{"type":"String","value":"Creusa"},"pagou":{"type":"Boolean","value":true},"prazoPedido":{"type":"Integer","value":0},"comprou":{"type":"Boolean","value":true}}}

18:15:19.753 [main]  DEBUG com.intuit.karate - response time in milliseconds: 6
1 < 200
1 < Content-Type: application/json
1 < Transfer-Encoding: chunked
1 < Date: Thu, 03 Jun 2021 21:15:19 GMT
1 < Keep-Alive: timeout=20
1 < Connection: keep-alive
[{"valorPedido":{"valueInfo":{},"type":"Double","value":1301.3}}]
18:15:19.757 [main]  INFO  c.intuit.karate.core.FeatureRuntime - found scenario at line: 6
18:15:19.768 [main]  DEBUG com.intuit.karate - request:
1 > POST http://localhost:8080/engine-rest/decision-definition/key/ValorPedidoDecision/evaluate
1 > Content-Type: application/json; charset=UTF-8
1 > Content-Length: 285
1 > Host: localhost:8080
1 > Connection: Keep-Alive
1 > User-Agent: Apache-HttpClient/4.5.13 (Java/11.0.2)
1 > Accept-Encoding: gzip,deflate
{"variables":{"quantidadePedida":{"type":"Integer","value":99},"indicacao":{"type":"Boolean","value":false},"nomeCliente":{"type":"String","value":"Creusa"},"pagou":{"type":"Boolean","value":false},"prazoPedido":{"type":"Integer","value":1},"comprou":{"type":"Boolean","value":false}}}

18:15:19.777 [main]  DEBUG com.intuit.karate - response time in milliseconds: 5
1 < 200
1 < Content-Type: application/json
1 < Transfer-Encoding: chunked
1 < Date: Thu, 03 Jun 2021 21:15:19 GMT
1 < Keep-Alive: timeout=20
1 < Connection: keep-alive
[{"valorPedido":{"valueInfo":{},"type":"Double","value":128.7}}]
18:15:19.782 [main]  INFO  c.intuit.karate.core.FeatureRuntime - found scenario at line: 6
18:15:19.800 [main]  DEBUG com.intuit.karate - request:
1 > POST http://localhost:8080/engine-rest/decision-definition/key/ValorPedidoDecision/evaluate
1 > Content-Type: application/json; charset=UTF-8
1 > Content-Length: 283
1 > Host: localhost:8080
1 > Connection: Keep-Alive
1 > User-Agent: Apache-HttpClient/4.5.13 (Java/11.0.2)
1 > Accept-Encoding: gzip,deflate
{"variables":{"quantidadePedida":{"type":"Integer","value":100},"indicacao":{"type":"Boolean","value":true},"nomeCliente":{"type":"String","value":"Creusa"},"pagou":{"type":"Boolean","value":true},"prazoPedido":{"type":"Integer","value":1},"comprou":{"type":"Boolean","value":true}}}

18:15:19.816 [main]  DEBUG com.intuit.karate - response time in milliseconds: 8
1 < 200
1 < Content-Type: application/json
1 < Transfer-Encoding: chunked
1 < Date: Thu, 03 Jun 2021 21:15:19 GMT
1 < Keep-Alive: timeout=20
1 < Connection: keep-alive
[{"valorPedido":{"valueInfo":{},"type":"Double","value":130.0}}]
18:15:19.820 [main]  INFO  c.intuit.karate.core.FeatureRuntime - found scenario at line: 6
18:15:19.829 [main]  DEBUG com.intuit.karate - request:
1 > POST http://localhost:8080/engine-rest/decision-definition/key/ValorPedidoDecision/evaluate
1 > Content-Type: application/json; charset=UTF-8
1 > Content-Length: 283
1 > Host: localhost:8080
1 > Connection: Keep-Alive
1 > User-Agent: Apache-HttpClient/4.5.13 (Java/11.0.2)
1 > Accept-Encoding: gzip,deflate
{"variables":{"quantidadePedida":{"type":"Integer","value":999},"indicacao":{"type":"Boolean","value":true},"nomeCliente":{"type":"String","value":"Creusa"},"pagou":{"type":"Boolean","value":true},"prazoPedido":{"type":"Integer","value":1},"comprou":{"type":"Boolean","value":true}}}

18:15:19.839 [main]  DEBUG com.intuit.karate - response time in milliseconds: 7
1 < 200
1 < Content-Type: application/json
1 < Transfer-Encoding: chunked
1 < Date: Thu, 03 Jun 2021 21:15:19 GMT
1 < Keep-Alive: timeout=20
1 < Connection: keep-alive
[{"valorPedido":{"valueInfo":{},"type":"Double","value":1298.7}}]
18:15:19.846 [main]  INFO  c.intuit.karate.core.FeatureRuntime - found scenario at line: 6
18:15:19.860 [main]  DEBUG com.intuit.karate - request:
1 > POST http://localhost:8080/engine-rest/decision-definition/key/ValorPedidoDecision/evaluate
1 > Content-Type: application/json; charset=UTF-8
1 > Content-Length: 284
1 > Host: localhost:8080
1 > Connection: Keep-Alive
1 > User-Agent: Apache-HttpClient/4.5.13 (Java/11.0.2)
1 > Accept-Encoding: gzip,deflate
{"variables":{"quantidadePedida":{"type":"Integer","value":1001},"indicacao":{"type":"Boolean","value":true},"nomeCliente":{"type":"String","value":"Creusa"},"pagou":{"type":"Boolean","value":true},"prazoPedido":{"type":"Integer","value":1},"comprou":{"type":"Boolean","value":true}}}

18:15:19.916 [main]  DEBUG com.intuit.karate - response time in milliseconds: 40
1 < 200
1 < Content-Type: application/json
1 < Transfer-Encoding: chunked
1 < Date: Thu, 03 Jun 2021 21:15:19 GMT
1 < Keep-Alive: timeout=20
1 < Connection: keep-alive
[{"valorPedido":{"valueInfo":{},"type":"Double","value":1301.3}}]
18:15:19.921 [main]  INFO  c.intuit.karate.core.FeatureRuntime - found scenario at line: 6
18:15:19.929 [main]  DEBUG com.intuit.karate - request:
1 > POST http://localhost:8080/engine-rest/decision-definition/key/ValorPedidoDecision/evaluate
1 > Content-Type: application/json; charset=UTF-8
1 > Content-Length: 283
1 > Host: localhost:8080
1 > Connection: Keep-Alive
1 > User-Agent: Apache-HttpClient/4.5.13 (Java/11.0.2)
1 > Accept-Encoding: gzip,deflate
{"variables":{"quantidadePedida":{"type":"Integer","value":100},"indicacao":{"type":"Boolean","value":false},"nomeCliente":{"type":"String","value":"Maria"},"pagou":{"type":"Boolean","value":true},"prazoPedido":{"type":"Integer","value":1},"comprou":{"type":"Boolean","value":true}}}

18:15:19.941 [main]  DEBUG com.intuit.karate - response time in milliseconds: 8
1 < 200
1 < Content-Type: application/json
1 < Transfer-Encoding: chunked
1 < Date: Thu, 03 Jun 2021 21:15:19 GMT
1 < Keep-Alive: timeout=20
1 < Connection: keep-alive
[{"valorPedido":{"valueInfo":{},"type":"Double","value":160.0}}]
18:15:19.947 [main]  INFO  c.intuit.karate.core.FeatureRuntime - found scenario at line: 6
18:15:19.954 [main]  DEBUG com.intuit.karate - request:
1 > POST http://localhost:8080/engine-rest/decision-definition/key/ValorPedidoDecision/evaluate
1 > Content-Type: application/json; charset=UTF-8
1 > Content-Length: 284
1 > Host: localhost:8080
1 > Connection: Keep-Alive
1 > User-Agent: Apache-HttpClient/4.5.13 (Java/11.0.2)
1 > Accept-Encoding: gzip,deflate
{"variables":{"quantidadePedida":{"type":"Integer","value":100},"indicacao":{"type":"Boolean","value":true},"nomeCliente":{"type":"String","value":"Maria"},"pagou":{"type":"Boolean","value":false},"prazoPedido":{"type":"Integer","value":1},"comprou":{"type":"Boolean","value":false}}}

18:15:19.976 [main]  DEBUG com.intuit.karate - response time in milliseconds: 8
1 < 200
1 < Content-Type: application/json
1 < Transfer-Encoding: chunked
1 < Date: Thu, 03 Jun 2021 21:15:19 GMT
1 < Keep-Alive: timeout=20
1 < Connection: keep-alive
[{"valorPedido":{"valueInfo":{},"type":"Double","value":160.0}}]
18:15:19.980 [main]  INFO  c.intuit.karate.core.FeatureRuntime - found scenario at line: 6
18:15:19.989 [main]  DEBUG com.intuit.karate - request:
1 > POST http://localhost:8080/engine-rest/decision-definition/key/ValorPedidoDecision/evaluate
1 > Content-Type: application/json; charset=UTF-8
1 > Content-Length: 283
1 > Host: localhost:8080
1 > Connection: Keep-Alive
1 > User-Agent: Apache-HttpClient/4.5.13 (Java/11.0.2)
1 > Accept-Encoding: gzip,deflate
{"variables":{"quantidadePedida":{"type":"Integer","value":999},"indicacao":{"type":"Boolean","value":false},"nomeCliente":{"type":"String","value":"Maria"},"pagou":{"type":"Boolean","value":true},"prazoPedido":{"type":"Integer","value":1},"comprou":{"type":"Boolean","value":true}}}

18:15:19.998 [main]  DEBUG com.intuit.karate - response time in milliseconds: 5
1 < 200
1 < Content-Type: application/json
1 < Transfer-Encoding: chunked
1 < Date: Thu, 03 Jun 2021 21:15:19 GMT
1 < Keep-Alive: timeout=20
1 < Connection: keep-alive
[{"valorPedido":{"valueInfo":{},"type":"Double","value":1598.4}}]
18:15:20.004 [main]  INFO  c.intuit.karate.core.FeatureRuntime - found scenario at line: 6
18:15:20.011 [main]  DEBUG com.intuit.karate - request:
1 > POST http://localhost:8080/engine-rest/decision-definition/key/ValorPedidoDecision/evaluate
1 > Content-Type: application/json; charset=UTF-8
1 > Content-Length: 284
1 > Host: localhost:8080
1 > Connection: Keep-Alive
1 > User-Agent: Apache-HttpClient/4.5.13 (Java/11.0.2)
1 > Accept-Encoding: gzip,deflate
{"variables":{"quantidadePedida":{"type":"Integer","value":999},"indicacao":{"type":"Boolean","value":true},"nomeCliente":{"type":"String","value":"Maria"},"pagou":{"type":"Boolean","value":false},"prazoPedido":{"type":"Integer","value":1},"comprou":{"type":"Boolean","value":false}}}

18:15:20.024 [main]  DEBUG com.intuit.karate - response time in milliseconds: 8
1 < 200
1 < Content-Type: application/json
1 < Transfer-Encoding: chunked
1 < Date: Thu, 03 Jun 2021 21:15:19 GMT
1 < Keep-Alive: timeout=20
1 < Connection: keep-alive
[{"valorPedido":{"valueInfo":{},"type":"Double","value":1598.4}}]
18:15:21.135 [main]  INFO  com.intuit.karate.Suite - <<pass>> feature 1 of 1 (0 remaining) features/AvaliarValorPedido.feature
